#
# A fatal error has been detected by the Java Runtime Environment:
#
#  SIGILL (0x4) at pc=0x00007ff8029d1760, pid=781, tid=259
#
# JRE version: OpenJDK Runtime Environment Temurin-21.0.9+10 (21.0.9+10) (build 21.0.9+10-LTS)
# Java VM: OpenJDK 64-Bit Server VM Temurin-21.0.9+10 (21.0.9+10-LTS, mixed mode, sharing, tiered, compressed oops, compressed class ptrs, parallel gc, bsd-amd64)
# Problematic frame:
# C  [CoreFoundation+0x1d9760]  CFRunLoopRunSpecific.cold.3+0xe
#
# No core dump will be written. Core dumps have been disabled. To enable core dumping, try "ulimit -c unlimited" before starting Java again
#
# If you would like to submit a bug report, please visit:
#   https://github.com/adoptium/adoptium-support/issues
#

---------------  S U M M A R Y ------------

Command Line: --add-modules=ALL-SYSTEM --add-opens=java.base/java.util=ALL-UNNAMED --add-opens=java.base/java.lang=ALL-UNNAMED --add-opens=java.base/sun.nio.fs=ALL-UNNAMED -Declipse.application=org.eclipse.jdt.ls.core.id1 -Dosgi.bundles.defaultStartLevel=4 -Declipse.product=org.eclipse.jdt.ls.core.product -Djava.import.generatesMetadataFilesAtProjectRoot=false -DDetectVMInstallationsJob.disabled=true -Dfile.encoding=utf8 -XX:+UseParallelGC -XX:GCTimeRatio=4 -XX:AdaptiveSizePolicyWeight=90 -Dsun.zip.disableMemoryMapping=true -Xmx2G -Xms100m -Xlog:disable -javaagent:/Users/user/.vscode/extensions/redhat.java-1.52.0-darwin-x64/lombok/lombok-1.18.39-4050.jar /Users/user/.vscode/extensions/redhat.java-1.52.0-darwin-x64/server/plugins/org.eclipse.equinox.launcher_1.7.100.v20251111-0406.jar -configuration /Users/user/Library/Application Support/Code/User/globalStorage/redhat.java/1.52.0/config_ss_mac -data /Users/user/Library/Application Support/Code/User/workspaceStorage/7edf6ca84a7c651f0a269e7f23cdfda8/redhat.java/ss_ws --pipe=/private/var/folders/lf/6g4qyg251x91pynfxj5bj9f00000gn/T/lsp-31d61614234ca57d294d38a5da839db9.sock

Host: "MacBookPro11,1" x86_64 2600 MHz, 4 cores, 8G, Darwin 24.5.0, macOS 15.5 (24F74)
Time: Wed Feb  4 14:00:52 2026 WAT elapsed time: 43.709662 seconds (0d 0h 0m 43s)

---------------  T H R E A D  ---------------

Current thread is native thread

Stack: [0x00007ff7afa8b000,0x00007ff7b028b000],  sp=0x00007ff7b012a458,  free space=6781k
Native frames: (J=compiled Java code, j=interpreted, Vv=VM code, C=native code)
C  [CoreFoundation+0x1d9760]  CFRunLoopRunSpecific.cold.3+0xe
C  [HIToolbox+0xa80d4]  RunCurrentEventLoopInMode+0x119
C  [HIToolbox+0xaae60]  ReceiveNextEventCommon+0xbc
C  [HIToolbox+0x23419a]  _BlockUntilNextEventMatchingListInModeWithFilter+0x3f
C  [AppKit+0x3fe2d]  _DPSNextEvent+0x390
C  [AppKit+0xacdd27]  -[NSApplication(NSEventRouting) _nextEventMatchingEventMask:untilDate:inMode:dequeue:]+0x4ef
C  [eclipse_11916.so+0x6e1b]  +[KeyWindow dispatch]+0x7b
C  [Foundation+0x7bc19]  __NSThreadPerformPerform+0xb2
C  [CoreFoundation+0x7bc00]  __CFRUNLOOP_IS_CALLING_OUT_TO_A_SOURCE0_PERFORM_FUNCTION__+0x11
C  [CoreFoundation+0x7bba2]  __CFRunLoopDoSource0+0x9d
C  [CoreFoundation+0x7b95d]  __CFRunLoopDoSources0+0xcb
C  [CoreFoundation+0x7a5c6]  __CFRunLoopRun+0x3cd
C  [CoreFoundation+0x79bc2]  CFRunLoopRunSpecific+0x218
C  [HIToolbox+0xa80d4]  RunCurrentEventLoopInMode+0x119
C  [HIToolbox+0xaae60]  ReceiveNextEventCommon+0xbc
C  [HIToolbox+0x23419a]  _BlockUntilNextEventMatchingListInModeWithFilter+0x3f
C  [AppKit+0x3fe2d]  _DPSNextEvent+0x390
C  [AppKit+0xacdd27]  -[NSApplication(NSEventRouting) _nextEventMatchingEventMask:untilDate:inMode:dequeue:]+0x4ef
C  [eclipse_11916.so+0x6e1b]  +[KeyWindow dispatch]+0x7b
C  [Foundation+0x7bc19]  __NSThreadPerformPerform+0xb2
C  [CoreFoundation+0x7bc00]  __CFRUNLOOP_IS_CALLING_OUT_TO_A_SOURCE0_PERFORM_FUNCTION__+0x11
C  [CoreFoundation+0x7bba2]  __CFRunLoopDoSource0+0x9d
C  [CoreFoundation+0x7b95d]  __CFRunLoopDoSources0+0xcb
C  [CoreFoundation+0x7a5c6]  __CFRunLoopRun+0x3cd
C  [CoreFoundation+0x79bc2]  CFRunLoopRunSpecific+0x218
C  [HIToolbox+0xa80d4]  RunCurrentEventLoopInMode+0x119
C  [HIToolbox+0xaae60]  ReceiveNextEventCommon+0xbc
C  [HIToolbox+0x23419a]  _BlockUntilNextEventMatchingListInModeWithFilter+0x3f
C  [AppKit+0x3fe2d]  _DPSNextEvent+0x390
C  [AppKit+0xacdd27]  -[NSApplication(NSEventRouting) _nextEventMatchingEventMask:untilDate:inMode:dequeue:]+0x4ef
C  [eclipse_11916.so+0x6e1b]  +[KeyWindow dispatch]+0x7b
C  [Foundation+0x7bc19]  __NSThreadPerformPerform+0xb2
C  [CoreFoundation+0x7bc00]  __CFRUNLOOP_IS_CALLING_OUT_TO_A_SOURCE0_PERFORM_FUNCTION__+0x11
C  [CoreFoundation+0x7bba2]  __CFRunLoopDoSource0+0x9d
C  [CoreFoundation+0x7b95d]  __CFRunLoopDoSources0+0xcb
C  [CoreFoundation+0x7a5c6]  __CFRunLoopRun+0x3cd
C  [CoreFoundation+0x79bc2]  CFRunLoopRunSpecific+0x218
C  [HIToolbox+0xa80d4]  RunCurrentEventLoopInMode+0x119
C  [HIToolbox+0xaae60]  ReceiveNextEventCommon+0xbc
C  [HIToolbox+0x23419a]  _BlockUntilNextEventMatchingListInModeWithFilter+0x3f
C  [AppKit+0x3fe2d]  _DPSNextEvent+0x390
C  [AppKit+0xacdd27]  -[NSApplication(NSEventRouting) _nextEventMatchingEventMask:untilDate:inMode:dequeue:]+0x4ef
C  [eclipse_11916.so+0x6e1b]  +[KeyWindow dispatch]+0x7b
C  [Foundation+0x7bc19]  __NSThreadPerformPerform+0xb2
C  [CoreFoundation+0x7bc00]  __CFRUNLOOP_IS_CALLING_OUT_TO_A_SOURCE0_PERFORM_FUNCTION__+0x11
C  [CoreFoundation+0x7bba2]  __CFRunLoopDoSource0+0x9d
C  [CoreFoundation+0x7b95d]  __CFRunLoopDoSources0+0xcb
C  [CoreFoundation+0x7a5c6]  __CFRunLoopRun+0x3cd
C  [CoreFoundation+0x79bc2]  CFRunLoopRunSpecific+0x218
C  [HIToolbox+0xa80d4]  RunCurrentEventLoopInMode+0x119
C  [HIToolbox+0xaae60]  ReceiveNextEventCommon+0xbc
C  [HIToolbox+0x23419a]  _BlockUntilNextEventMatchingListInModeWithFilter+0x3f
C  [AppKit+0x3fe2d]  _DPSNextEvent+0x390
C  [AppKit+0xacdd27]  -[NSApplication(NSEventRouting) _nextEventMatchingEventMask:untilDate:inMode:dequeue:]+0x4ef
C  [eclipse_11916.so+0x6e1b]  +[KeyWindow dispatch]+0x7b
C  [Foundation+0x7bc19]  __NSThreadPerformPerform+0xb2
C  [CoreFoundation+0x7bc00]  __CFRUNLOOP_IS_CALLING_OUT_TO_A_SOURCE0_PERFORM_FUNCTION__+0x11
C  [CoreFoundation+0x7bba2]  __CFRunLoopDoSource0+0x9d
C  [CoreFoundation+0x7b95d]  __CFRunLoopDoSources0+0xcb
C  [CoreFoundation+0x7a5c6]  __CFRunLoopRun+0x3cd
C  [CoreFoundation+0x79bc2]  CFRunLoopRunSpecific+0x218
C  [HIToolbox+0xa80d4]  RunCurrentEventLoopInMode+0x119
C  [HIToolbox+0xaae60]  ReceiveNextEventCommon+0xbc
C  [HIToolbox+0x23419a]  _BlockUntilNextEventMatchingListInModeWithFilter+0x3f
C  [AppKit+0x3fe2d]  _DPSNextEvent+0x390
C  [AppKit+0xacdd27]  -[NSApplication(NSEventRouting) _nextEventMatchingEventMask:untilDate:inMode:dequeue:]+0x4ef
C  [eclipse_11916.so+0x6e1b]  +[KeyWindow dispatch]+0x7b
C  [Foundation+0x7bc19]  __NSThreadPerformPerform+0xb2
C  [CoreFoundation+0x7bc00]  __CFRUNLOOP_IS_CALLING_OUT_TO_A_SOURCE0_PERFORM_FUNCTION__+0x11
C  [CoreFoundation+0x7bba2]  __CFRunLoopDoSource0+0x9d
C  [CoreFoundation+0x7b95d]  __CFRunLoopDoSources0+0xcb
C  [CoreFoundation+0x7a5c6]  __CFRunLoopRun+0x3cd
C  [CoreFoundation+0x79bc2]  CFRunLoopRunSpecific+0x218
C  [HIToolbox+0xa80d4]  RunCurrentEventLoopInMode+0x119
C  [HIToolbox+0xaae60]  ReceiveNextEventCommon+0xbc
C  [HIToolbox+0x23419a]  _BlockUntilNextEventMatchingListInModeWithFilter+0x3f
C  [AppKit+0x3fe2d]  _DPSNextEvent+0x390
C  [AppKit+0xacdd27]  -[NSApplication(NSEventRouting) _nextEventMatchingEventMask:untilDate:inMode:dequeue:]+0x4ef
C  [eclipse_11916.so+0x6e1b]  +[KeyWindow dispatch]+0x7b
C  [Foundation+0x7bc19]  __NSThreadPerformPerform+0xb2
C  [CoreFoundation+0x7bc00]  __CFRUNLOOP_IS_CALLING_OUT_TO_A_SOURCE0_PERFORM_FUNCTION__+0x11
C  [CoreFoundation+0x7bba2]  __CFRunLoopDoSource0+0x9d
C  [CoreFoundation+0x7b95d]  __CFRunLoopDoSources0+0xcb
C  [CoreFoundation+0x7a5c6]  __CFRunLoopRun+0x3cd
C  [CoreFoundation+0x79bc2]  CFRunLoopRunSpecific+0x218
C  [HIToolbox+0xa80d4]  RunCurrentEventLoopInMode+0x119
C  [HIToolbox+0xaae60]  ReceiveNextEventCommon+0xbc
C  [HIToolbox+0x23419a]  _BlockUntilNextEventMatchingListInModeWithFilter+0x3f
C  [AppKit+0x3fe2d]  _DPSNextEvent+0x390
C  [AppKit+0xacdd27]  -[NSApplication(NSEventRouting) _nextEventMatchingEventMask:untilDate:inMode:dequeue:]+0x4ef
C  [eclipse_11916.so+0x6e1b]  +[KeyWindow dispatch]+0x7b
C  [Foundation+0x7bc19]  __NSThreadPerformPerform+0xb2
C  [CoreFoundation+0x7bc00]  __CFRUNLOOP_IS_CALLING_OUT_TO_A_SOURCE0_PERFORM_FUNCTION__+0x11
C  [CoreFoundation+0x7bba2]  __CFRunLoopDoSource0+0x9d
C  [CoreFoundation+0x7b95d]  __CFRunLoopDoSources0+0xcb
C  [CoreFoundation+0x7a5c6]  __CFRunLoopRun+0x3cd
C  [CoreFoundation+0x79bc2]  CFRunLoopRunSpecific+0x218
C  [HIToolbox+0xa80d4]  RunCurrentEventLoopInMode+0x119
C  [HIToolbox+0xaae60]  ReceiveNextEventCommon+0xbc
C  [HIToolbox+0x23419a]  _BlockUntilNextEventMatchingListInModeWithFilter+0x3f
...<more frames>...

siginfo: si_signo: 4 (SIGILL), si_code: 1 (ILL_ILLOPC), si_addr: 0x00007ff8029d1760

Registers:
RAX=0x00007ff802b70e92, RBX=0x00007fa011704eb0, RCX=0x00000000000120a8, RDX=0x0000000000000008
RSP=0x00007ff7b012a458, RBP=0x00007ff7b012a4e0, RSI=0x0000000000000000, RDI=0x00007fa0117051b8
R8 =0x0000000000001c8b, R9 =0x0000000000000008, R10=0x0000000000000000, R11=0x00000000a5baadb9
R12=0x00007fa011704ec0, R13=0x0000000000000001, R14=0x0000000000000001, R15=0x00007fa011705190
RIP=0x00007ff8029d1760, EFLAGS=0x0000000000010246, ERR=0x0000000000000000
  TRAPNO=0x0000000000000006


Top of Stack: (sp=0x00007ff7b012a458)
0x00007ff7b012a458:   00007ff802871c7a 0000000000000000
0x00007ff7b012a468:   0000000000000000 00007fa0117051a0
0x00007ff7b012a478:   00007fa011704ec0 00007ff7b012a4a0
0x00007ff7b012a488:   00007ff8027fccc2 00007ff840b04158
0x00007ff7b012a498:   0000000000000001 00007ff7b012a4b0
0x00007ff7b012a4a8:   00007ff802837d58 7463537f271400cd
0x00007ff7b012a4b8:   00007fa0123a2780 0000000000000000
0x00007ff7b012a4c8:   ffffffffffffff01 0000000000000001
0x00007ff7b012a4d8:   00007ff840b04158 00007ff7b012a530
0x00007ff7b012a4e8:   00007ff80e3520d4 0000000000000000
0x00007ff7b012a4f8:   0000000000000000 0000000000000000
0x00007ff7b012a508:   0000000000000000 00007ff7b012a788
0x00007ff7b012a518:   ffffffffffffffff 0000000000000000
0x00007ff7b012a528:   0000000000000001 00007ff7b012a5b0
0x00007ff7b012a538:   00007ff80e354e60 00007ff7b012a728
0x00007ff7b012a548:   0000000000000000 00007ff840b04158
0x00007ff7b012a558:   0000000000000000 0000000000000000
0x00007ff7b012a568:   0000000000000000 0000000000000000
0x00007ff7b012a578:   0000000000000000 ffffffffffffffff
0x00007ff7b012a588:   0000000000000000 00007fa0120b7ac0
0x00007ff7b012a598:   ffffffffffffffff 0000000000000000
0x00007ff7b012a5a8:   0000000000000000 00007ff7b012a5d0
0x00007ff7b012a5b8:   00007ff80e4de19a ffffffff00000000
0x00007ff7b012a5c8:   0000000000000000 00007ff7b012a9d0
0x00007ff7b012a5d8:   00007ff8062d8e2d 0000000000000000
0x00007ff7b012a5e8:   0000000000000000 0000000000000000
0x00007ff7b012a5f8:   0000000000000000 0000000000000000
0x00007ff7b012a608:   0000000000000000 0000000000000000
0x00007ff7b012a618:   0000000000000000 0000000000000000
0x00007ff7b012a628:   0000000000000000 00007ff821ec0907
0x00007ff7b012a638:   00007ff821e9f183 00007ff821f8609d
0x00007ff7b012a648:   00007ff821e60bc0 00007ff821e2684b 

Instructions: (pc=0x00007ff8029d1760)
0x00007ff8029d1660:   48 89 05 11 95 9d 41 0f 0b 48 8d 3d e0 97 9d 41
0x00007ff8029d1670:   48 8d 35 81 38 0f 3e e9 ac f1 00 00 48 8b 05 d5
0x00007ff8029d1680:   97 9d 41 48 85 c0 0f 94 c1 48 39 f8 0f 95 c0 08
0x00007ff8029d1690:   c8 75 23 48 83 3d cd 97 9d 41 ff 75 01 c3 55 48
0x00007ff8029d16a0:   89 e5 48 8d 3d bf 97 9d 41 48 8d 35 a8 39 0f 3e
0x00007ff8029d16b0:   e8 73 f1 00 00 5d c3 48 8d 05 48 f7 19 00 48 89
0x00007ff8029d16c0:   05 b3 94 9d 41 0f 0b 48 8d 05 38 f7 19 00 48 89
0x00007ff8029d16d0:   05 a3 94 9d 41 0f 0b 48 8d 05 7f f7 19 00 48 89
0x00007ff8029d16e0:   05 93 94 9d 41 0f 0b 48 8d 05 4b f7 19 00 48 89
0x00007ff8029d16f0:   05 83 94 9d 41 0f 0b 48 8d 05 d5 f6 19 00 48 89
0x00007ff8029d1700:   05 73 94 9d 41 0f 0b 48 8b 05 4a 97 9d 41 48 85
0x00007ff8029d1710:   c0 0f 94 c1 48 39 f8 0f 95 c0 08 c8 75 23 48 83
0x00007ff8029d1720:   3d 42 97 9d 41 ff 75 01 c3 55 48 89 e5 48 8d 3d
0x00007ff8029d1730:   34 97 9d 41 48 8d 35 1d 39 0f 3e e8 e8 f0 00 00
0x00007ff8029d1740:   5d c3 48 8d 05 be f8 19 00 48 89 05 28 94 9d 41
0x00007ff8029d1750:   0f 0b 48 8d 05 39 f7 19 00 48 89 05 18 94 9d 41
0x00007ff8029d1760:   0f 0b 48 8b 05 ef 96 9d 41 48 85 c0 0f 94 c1 48
0x00007ff8029d1770:   39 f8 0f 95 c0 08 c8 75 23 48 83 3d e7 96 9d 41
0x00007ff8029d1780:   ff 75 01 c3 55 48 89 e5 48 8d 3d d9 96 9d 41 48
0x00007ff8029d1790:   8d 35 c2 38 0f 3e e8 8d f0 00 00 5d c3 48 8b 05
0x00007ff8029d17a0:   b4 96 9d 41 48 85 c0 0f 94 c1 48 39 f8 0f 95 c0
0x00007ff8029d17b0:   08 c8 75 23 48 83 3d ac 96 9d 41 ff 75 01 c3 55
0x00007ff8029d17c0:   48 89 e5 48 8d 3d 9e 96 9d 41 48 8d 35 87 38 0f
0x00007ff8029d17d0:   3e e8 52 f0 00 00 5d c3 48 8b 05 79 96 9d 41 48
0x00007ff8029d17e0:   85 c0 0f 94 c1 48 39 f8 0f 95 c0 08 c8 75 23 48
0x00007ff8029d17f0:   83 3d 71 96 9d 41 ff 75 01 c3 55 48 89 e5 48 8d
0x00007ff8029d1800:   3d 63 96 9d 41 48 8d 35 4c 38 0f 3e e8 17 f0 00
0x00007ff8029d1810:   00 5d c3 48 8d 05 5b f0 19 00 48 89 05 57 93 9d
0x00007ff8029d1820:   41 0f 0b 48 8b 05 2e 96 9d 41 48 85 c0 0f 94 c1
0x00007ff8029d1830:   48 39 f8 0f 95 c0 08 c8 75 23 48 83 3d 26 96 9d
0x00007ff8029d1840:   41 ff 75 01 c3 55 48 89 e5 48 8d 3d 18 96 9d 41
0x00007ff8029d1850:   48 8d 35 01 38 0f 3e e8 cc ef 00 00 5d c3 48 8b 



---------------  P R O C E S S  ---------------

VM state: not at safepoint (normal execution)

VM Mutex/Monitor currently owned by a thread: None

Heap address: 0x0000000780000000, size: 2048 MB, Compressed Oops mode: Zero based, Oop shift amount: 3

CDS archive(s) mapped at: [0x00000002f1000000-0x00000002f1bb6000-0x00000002f1bb6000), size 12279808, SharedBaseAddress: 0x00000002f1000000, ArchiveRelocationMode: 1.
Compressed class space mapped at: 0x00000002f2000000-0x0000000332000000, reserved size: 1073741824
Narrow klass base: 0x00000002f1000000, Narrow klass shift: 0, Narrow klass range: 0x100000000

GC Precious Log:
<Skipped>

Heap:
 PSYoungGen      total 22016K, used 8962K [0x00000007d5580000, 0x00000007d6d80000, 0x0000000800000000)
  eden space 20992K, 38% used [0x00000007d5580000,0x00000007d5d6a790,0x00000007d6a00000)
  from space 1024K, 83% used [0x00000007d6c80000,0x00000007d6d562e8,0x00000007d6d80000)
  to   space 1536K, 0% used [0x00000007d6a80000,0x00000007d6a80000,0x00000007d6c00000)
 ParOldGen       total 68608K, used 28689K [0x0000000780000000, 0x0000000784300000, 0x00000007d5580000)
  object space 68608K, 41% used [0x0000000780000000,0x0000000781c04590,0x0000000784300000)
 Metaspace       used 34168K, committed 35072K, reserved 1114112K
  class space    used 3508K, committed 3904K, reserved 1048576K

Card table byte_map: [0x00000001e8fe8000,0x00000001e93e9000] _byte_map_base: 0x00000001e53e8000

Marking Bits: (ParMarkBitMap*) 0x00000002da93cb50
 Begin Bits: [0x00000002ecf8a000, 0x00000002eef8a000)
 End Bits:   [0x00000002eef8a000, 0x00000002f0f8a000)

Polling page: 0x000000010fc9e000

Metaspace:

Usage:
  Non-class:     29.94 MB used.
      Class:      3.43 MB used.
       Both:     33.37 MB used.

Virtual space:
  Non-class space:       64.00 MB reserved,      30.44 MB ( 48%) committed,  1 nodes.
      Class space:        1.00 GB reserved,       3.81 MB ( <1%) committed,  1 nodes.
             Both:        1.06 GB reserved,      34.25 MB (  3%) committed. 

Chunk freelists:
   Non-Class:  1.33 MB
       Class:  12.09 MB
        Both:  13.42 MB

MaxMetaspaceSize: unlimited
CompressedClassSpaceSize: 1.00 GB
Initial GC threshold: 21.00 MB
Current GC threshold: 35.00 MB
CDS: on
 - commit_granule_bytes: 65536.
 - commit_granule_words: 8192.
 - virtual_space_node_default_size: 8388608.
 - enlarge_chunks_in_place: 1.
 - use_allocation_guard: 0.


Internal statistics:

num_allocs_failed_limit: 3.
num_arena_births: 696.
num_arena_deaths: 14.
num_vsnodes_births: 2.
num_vsnodes_deaths: 0.
num_space_committed: 548.
num_space_uncommitted: 0.
num_chunks_returned_to_freelist: 17.
num_chunks_taken_from_freelist: 2073.
num_chunk_merges: 9.
num_chunk_splits: 1343.
num_chunks_enlarged: 847.
num_inconsistent_stats: 0.

CodeHeap 'non-profiled nmethods': size=120032Kb used=1300Kb max_used=1300Kb free=118732Kb
 bounds [0x00000002e5a52000, 0x00000002e5cc2000, 0x00000002ecf8a000]
CodeHeap 'profiled nmethods': size=120028Kb used=8378Kb max_used=8378Kb free=111649Kb
 bounds [0x00000002ddf8a000, 0x00000002de7ba000, 0x00000002e54c1000]
CodeHeap 'non-nmethods': size=5700Kb used=1346Kb max_used=1381Kb free=4353Kb
 bounds [0x00000002e54c1000, 0x00000002e5731000, 0x00000002e5a52000]
CodeCache: size=245760Kb, used=11024Kb, max_used=11059Kb, free=234734Kb
 total_blobs=5247, nmethods=4596, adapters=558, full_count=0
Compilation: enabled, stopped_count=0, restarted_count=0

Compilation events (20 events):
Event: 43.388 Thread 0x00007fa01300a000 nmethod 4647 0x00000002de779c90 code [0x00000002de77a060, 0x00000002de77b7e8]
Event: 43.388 Thread 0x00007fa01300a000 4645       3       java.util.regex.Pattern$BmpCharProperty::match (55 bytes)
Event: 43.389 Thread 0x00007fa01300a000 nmethod 4645 0x00000002de77c210 code [0x00000002de77c400, 0x00000002de77c888]
Event: 43.389 Thread 0x00007fa01300a000 4622       2       java.lang.CharacterDataLatin1::isIdentifierIgnorable (23 bytes)
Event: 43.389 Thread 0x00007fa01300a000 nmethod 4622 0x00000002de77ca10 code [0x00000002de77cba0, 0x00000002de77ccf0]
Event: 43.389 Thread 0x00007fa01300a000 4628       2       org.eclipse.jdt.internal.compiler.parser.Parser::tAction (35 bytes)
Event: 43.446 Thread 0x00007fa01300a000 nmethod 4628 0x00000002de77ce10 code [0x00000002de77cfc0, 0x00000002de77d150]
Event: 43.446 Thread 0x00007fa01300a000 4620       1       org.eclipse.jdt.internal.compiler.parser.Parser::restartRecovery (5 bytes)
Event: 43.447 Thread 0x00007fa01300a000 nmethod 4620 0x00000002e5b8e090 code [0x00000002e5b8e220, 0x00000002e5b8e2e8]
Event: 43.447 Thread 0x00007fa01300a000 4629       2       org.eclipse.jdt.internal.compiler.parser.Parser::actFromTokenOrSynthetic (12 bytes)
Event: 43.447 Thread 0x00007fa01300a000 nmethod 4629 0x00000002de77d310 code [0x00000002de77d4c0, 0x00000002de77d688]
Event: 43.447 Thread 0x00007fa01300a000 4630       2       org.eclipse.jdt.internal.compiler.parser.Parser::ntAction (8 bytes)
Event: 43.447 Thread 0x00007fa01300a000 nmethod 4630 0x00000002de77d810 code [0x00000002de77d9a0, 0x00000002de77dac0]
Event: 43.447 Thread 0x00007fa01300a000 4632       2       org.eclipse.jdt.internal.compiler.parser.Parser::consumeRule (7843 bytes)
Event: 43.450 Thread 0x00007fa01181a000 nmethod 4613 0x00000002e5b8e390 code [0x00000002e5b8e5c0, 0x00000002e5b8f0a0]
Event: 43.451 Thread 0x00007fa01181a000 2727       4       lombok.launch.ClassFileMetaData::decodeString (181 bytes)
Event: 43.520 Thread 0x00007fa01181a000 nmethod 2727 0x00000002e5b8f810 code [0x00000002e5b8f9e0, 0x00000002e5b90210]
Event: 43.521 Thread 0x00007fa01181a000 2722       4       java.net.URI$Parser::scan (76 bytes)
Event: 43.527 Thread 0x00007fa01181a000 nmethod 2722 0x00000002e5b90610 code [0x00000002e5b907c0, 0x00000002e5b90a68]
Event: 43.527 Thread 0x00007fa01181a000 2945       4       java.util.regex.Pattern$BmpCharPropertyGreedy::match (89 bytes)

GC Heap History (20 events):
Event: 24.444 GC heap before
{Heap before GC invocations=7 (full 1):
 PSYoungGen      total 31232K, used 6625K [0x00000007d5580000, 0x00000007d7c00000, 0x0000000800000000)
  eden space 24576K, 0% used [0x00000007d5580000,0x00000007d5580000,0x00000007d6d80000)
  from space 6656K, 99% used [0x00000007d7480000,0x00000007d7af8538,0x00000007d7b00000)
  to   space 7168K, 0% used [0x00000007d6d80000,0x00000007d6d80000,0x00000007d7480000)
 ParOldGen       total 68608K, used 8075K [0x0000000780000000, 0x0000000784300000, 0x00000007d5580000)
  object space 68608K, 11% used [0x0000000780000000,0x00000007807e2ce0,0x0000000784300000)
 Metaspace       used 20920K, committed 21504K, reserved 1114112K
  class space    used 2032K, committed 2304K, reserved 1048576K
}
Event: 24.494 GC heap after
{Heap after GC invocations=7 (full 1):
 PSYoungGen      total 31232K, used 0K [0x00000007d5580000, 0x00000007d7c00000, 0x0000000800000000)
  eden space 24576K, 0% used [0x00000007d5580000,0x00000007d5580000,0x00000007d6d80000)
  from space 6656K, 0% used [0x00000007d7480000,0x00000007d7480000,0x00000007d7b00000)
  to   space 7168K, 0% used [0x00000007d6d80000,0x00000007d6d80000,0x00000007d7480000)
 ParOldGen       total 68608K, used 10991K [0x0000000780000000, 0x0000000784300000, 0x00000007d5580000)
  object space 68608K, 16% used [0x0000000780000000,0x0000000780abbdf0,0x0000000784300000)
 Metaspace       used 20907K, committed 21504K, reserved 1114112K
  class space    used 2028K, committed 2304K, reserved 1048576K
}
Event: 27.431 GC heap before
{Heap before GC invocations=8 (full 1):
 PSYoungGen      total 31232K, used 24576K [0x00000007d5580000, 0x00000007d7c00000, 0x0000000800000000)
  eden space 24576K, 100% used [0x00000007d5580000,0x00000007d6d80000,0x00000007d6d80000)
  from space 6656K, 0% used [0x00000007d7480000,0x00000007d7480000,0x00000007d7b00000)
  to   space 7168K, 0% used [0x00000007d6d80000,0x00000007d6d80000,0x00000007d7480000)
 ParOldGen       total 68608K, used 10991K [0x0000000780000000, 0x0000000784300000, 0x00000007d5580000)
  object space 68608K, 16% used [0x0000000780000000,0x0000000780abbdf0,0x0000000784300000)
 Metaspace       used 22758K, committed 23424K, reserved 1114112K
  class space    used 2192K, committed 2496K, reserved 1048576K
}
Event: 27.446 GC heap after
{Heap after GC invocations=8 (full 1):
 PSYoungGen      total 26112K, used 1602K [0x00000007d5580000, 0x00000007d7500000, 0x0000000800000000)
  eden space 24064K, 0% used [0x00000007d5580000,0x00000007d5580000,0x00000007d6d00000)
  from space 2048K, 78% used [0x00000007d6d80000,0x00000007d6f10b10,0x00000007d6f80000)
  to   space 3584K, 0% used [0x00000007d7180000,0x00000007d7180000,0x00000007d7500000)
 ParOldGen       total 68608K, used 10999K [0x0000000780000000, 0x0000000784300000, 0x00000007d5580000)
  object space 68608K, 16% used [0x0000000780000000,0x0000000780abddf0,0x0000000784300000)
 Metaspace       used 22758K, committed 23424K, reserved 1114112K
  class space    used 2192K, committed 2496K, reserved 1048576K
}
Event: 29.872 GC heap before
{Heap before GC invocations=9 (full 1):
 PSYoungGen      total 26112K, used 25666K [0x00000007d5580000, 0x00000007d7500000, 0x0000000800000000)
  eden space 24064K, 100% used [0x00000007d5580000,0x00000007d6d00000,0x00000007d6d00000)
  from space 2048K, 78% used [0x00000007d6d80000,0x00000007d6f10b10,0x00000007d6f80000)
  to   space 3584K, 0% used [0x00000007d7180000,0x00000007d7180000,0x00000007d7500000)
 ParOldGen       total 68608K, used 10999K [0x0000000780000000, 0x0000000784300000, 0x00000007d5580000)
  object space 68608K, 16% used [0x0000000780000000,0x0000000780abddf0,0x0000000784300000)
 Metaspace       used 26642K, committed 27456K, reserved 1114112K
  class space    used 2637K, committed 3008K, reserved 1048576K
}
Event: 29.889 GC heap after
{Heap after GC invocations=9 (full 1):
 PSYoungGen      total 26624K, used 2987K [0x00000007d5580000, 0x00000007d7480000, 0x0000000800000000)
  eden space 23552K, 0% used [0x00000007d5580000,0x00000007d5580000,0x00000007d6c80000)
  from space 3072K, 97% used [0x00000007d7180000,0x00000007d746ad28,0x00000007d7480000)
  to   space 3584K, 0% used [0x00000007d6d80000,0x00000007d6d80000,0x00000007d7100000)
 ParOldGen       total 68608K, used 10999K [0x0000000780000000, 0x0000000784300000, 0x00000007d5580000)
  object space 68608K, 16% used [0x0000000780000000,0x0000000780abddf0,0x0000000784300000)
 Metaspace       used 26642K, committed 27456K, reserved 1114112K
  class space    used 2637K, committed 3008K, reserved 1048576K
}
Event: 32.696 GC heap before
{Heap before GC invocations=10 (full 1):
 PSYoungGen      total 26624K, used 26533K [0x00000007d5580000, 0x00000007d7480000, 0x0000000800000000)
  eden space 23552K, 99% used [0x00000007d5580000,0x00000007d6c7e878,0x00000007d6c80000)
  from space 3072K, 97% used [0x00000007d7180000,0x00000007d746ad28,0x00000007d7480000)
  to   space 3584K, 0% used [0x00000007d6d80000,0x00000007d6d80000,0x00000007d7100000)
 ParOldGen       total 68608K, used 10999K [0x0000000780000000, 0x0000000784300000, 0x00000007d5580000)
  object space 68608K, 16% used [0x0000000780000000,0x0000000780abddf0,0x0000000784300000)
 Metaspace       used 29439K, committed 30208K, reserved 1114112K
  class space    used 2974K, committed 3328K, reserved 1048576K
}
Event: 32.700 GC heap after
{Heap after GC invocations=10 (full 1):
 PSYoungGen      total 26624K, used 3581K [0x00000007d5580000, 0x00000007d7500000, 0x0000000800000000)
  eden space 23040K, 0% used [0x00000007d5580000,0x00000007d5580000,0x00000007d6c00000)
  from space 3584K, 99% used [0x00000007d6d80000,0x00000007d70ff4c8,0x00000007d7100000)
  to   space 4096K, 0% used [0x00000007d7100000,0x00000007d7100000,0x00000007d7500000)
 ParOldGen       total 68608K, used 11575K [0x0000000780000000, 0x0000000784300000, 0x00000007d5580000)
  object space 68608K, 16% used [0x0000000780000000,0x0000000780b4de20,0x0000000784300000)
 Metaspace       used 29439K, committed 30208K, reserved 1114112K
  class space    used 2974K, committed 3328K, reserved 1048576K
}
Event: 35.198 GC heap before
{Heap before GC invocations=11 (full 1):
 PSYoungGen      total 26624K, used 26621K [0x00000007d5580000, 0x00000007d7500000, 0x0000000800000000)
  eden space 23040K, 100% used [0x00000007d5580000,0x00000007d6c00000,0x00000007d6c00000)
  from space 3584K, 99% used [0x00000007d6d80000,0x00000007d70ff4c8,0x00000007d7100000)
  to   space 4096K, 0% used [0x00000007d7100000,0x00000007d7100000,0x00000007d7500000)
 ParOldGen       total 68608K, used 11575K [0x0000000780000000, 0x0000000784300000, 0x00000007d5580000)
  object space 68608K, 16% used [0x0000000780000000,0x0000000780b4de20,0x0000000784300000)
 Metaspace       used 30811K, committed 31744K, reserved 1114112K
  class space    used 3112K, committed 3520K, reserved 1048576K
}
Event: 35.213 GC heap after
{Heap after GC invocations=11 (full 1):
 PSYoungGen      total 26112K, used 3486K [0x00000007d5580000, 0x00000007d7480000, 0x0000000800000000)
  eden space 22528K, 0% used [0x00000007d5580000,0x00000007d5580000,0x00000007d6b80000)
  from space 3584K, 97% used [0x00000007d7100000,0x00000007d7467868,0x00000007d7480000)
  to   space 4096K, 0% used [0x00000007d6c80000,0x00000007d6c80000,0x00000007d7080000)
 ParOldGen       total 68608K, used 13845K [0x0000000780000000, 0x0000000784300000, 0x00000007d5580000)
  object space 68608K, 20% used [0x0000000780000000,0x0000000780d857f0,0x0000000784300000)
 Metaspace       used 30811K, committed 31744K, reserved 1114112K
  class space    used 3112K, committed 3520K, reserved 1048576K
}
Event: 36.424 GC heap before
{Heap before GC invocations=12 (full 1):
 PSYoungGen      total 26112K, used 26014K [0x00000007d5580000, 0x00000007d7480000, 0x0000000800000000)
  eden space 22528K, 99% used [0x00000007d5580000,0x00000007d6b7fff8,0x00000007d6b80000)
  from space 3584K, 97% used [0x00000007d7100000,0x00000007d7467868,0x00000007d7480000)
  to   space 4096K, 0% used [0x00000007d6c80000,0x00000007d6c80000,0x00000007d7080000)
 ParOldGen       total 68608K, used 13845K [0x0000000780000000, 0x0000000784300000, 0x00000007d5580000)
  object space 68608K, 20% used [0x0000000780000000,0x0000000780d857f0,0x0000000784300000)
 Metaspace       used 31257K, committed 32192K, reserved 1114112K
  class space    used 3184K, committed 3584K, reserved 1048576K
}
Event: 36.439 GC heap after
{Heap after GC invocations=12 (full 1):
 PSYoungGen      total 25088K, used 2705K [0x00000007d5580000, 0x00000007d7180000, 0x0000000800000000)
  eden space 22016K, 0% used [0x00000007d5580000,0x00000007d5580000,0x00000007d6b00000)
  from space 3072K, 88% used [0x00000007d6c80000,0x00000007d6f24460,0x00000007d6f80000)
  to   space 2048K, 0% used [0x00000007d6f80000,0x00000007d6f80000,0x00000007d7180000)
 ParOldGen       total 68608K, used 17202K [0x0000000780000000, 0x0000000784300000, 0x00000007d5580000)
  object space 68608K, 25% used [0x0000000780000000,0x00000007810ccbe0,0x0000000784300000)
 Metaspace       used 31257K, committed 32192K, reserved 1114112K
  class space    used 3184K, committed 3584K, reserved 1048576K
}
Event: 38.226 GC heap before
{Heap before GC invocations=13 (full 1):
 PSYoungGen      total 25088K, used 24721K [0x00000007d5580000, 0x00000007d7180000, 0x0000000800000000)
  eden space 22016K, 100% used [0x00000007d5580000,0x00000007d6b00000,0x00000007d6b00000)
  from space 3072K, 88% used [0x00000007d6c80000,0x00000007d6f24460,0x00000007d6f80000)
  to   space 2048K, 0% used [0x00000007d6f80000,0x00000007d6f80000,0x00000007d7180000)
 ParOldGen       total 68608K, used 17202K [0x0000000780000000, 0x0000000784300000, 0x00000007d5580000)
  object space 68608K, 25% used [0x0000000780000000,0x00000007810ccbe0,0x0000000784300000)
 Metaspace       used 31284K, committed 32256K, reserved 1114112K
  class space    used 3185K, committed 3584K, reserved 1048576K
}
Event: 38.241 GC heap after
{Heap after GC invocations=13 (full 1):
 PSYoungGen      total 23040K, used 2018K [0x00000007d5580000, 0x00000007d7600000, 0x0000000800000000)
  eden space 20992K, 0% used [0x00000007d5580000,0x00000007d5580000,0x00000007d6a00000)
  from space 2048K, 98% used [0x00000007d6f80000,0x00000007d7178810,0x00000007d7180000)
  to   space 5632K, 0% used [0x00000007d6a00000,0x00000007d6a00000,0x00000007d6f80000)
 ParOldGen       total 68608K, used 20305K [0x0000000780000000, 0x0000000784300000, 0x00000007d5580000)
  object space 68608K, 29% used [0x0000000780000000,0x00000007813d4560,0x0000000784300000)
 Metaspace       used 31284K, committed 32256K, reserved 1114112K
  class space    used 3185K, committed 3584K, reserved 1048576K
}
Event: 39.810 GC heap before
{Heap before GC invocations=14 (full 1):
 PSYoungGen      total 23040K, used 23010K [0x00000007d5580000, 0x00000007d7600000, 0x0000000800000000)
  eden space 20992K, 100% used [0x00000007d5580000,0x00000007d6a00000,0x00000007d6a00000)
  from space 2048K, 98% used [0x00000007d6f80000,0x00000007d7178810,0x00000007d7180000)
  to   space 5632K, 0% used [0x00000007d6a00000,0x00000007d6a00000,0x00000007d6f80000)
 ParOldGen       total 68608K, used 20305K [0x0000000780000000, 0x0000000784300000, 0x00000007d5580000)
  object space 68608K, 29% used [0x0000000780000000,0x00000007813d4560,0x0000000784300000)
 Metaspace       used 31295K, committed 32256K, reserved 1114112K
  class space    used 3185K, committed 3584K, reserved 1048576K
}
Event: 39.816 GC heap after
{Heap after GC invocations=14 (full 1):
 PSYoungGen      total 23552K, used 2308K [0x00000007d5580000, 0x00000007d7100000, 0x0000000800000000)
  eden space 20992K, 0% used [0x00000007d5580000,0x00000007d5580000,0x00000007d6a00000)
  from space 2560K, 90% used [0x00000007d6a00000,0x00000007d6c41000,0x00000007d6c80000)
  to   space 3584K, 0% used [0x00000007d6d80000,0x00000007d6d80000,0x00000007d7100000)
 ParOldGen       total 68608K, used 22207K [0x0000000780000000, 0x0000000784300000, 0x00000007d5580000)
  object space 68608K, 32% used [0x0000000780000000,0x00000007815afef8,0x0000000784300000)
 Metaspace       used 31295K, committed 32256K, reserved 1114112K
  class space    used 3185K, committed 3584K, reserved 1048576K
}
Event: 40.613 GC heap before
{Heap before GC invocations=15 (full 1):
 PSYoungGen      total 23552K, used 23300K [0x00000007d5580000, 0x00000007d7100000, 0x0000000800000000)
  eden space 20992K, 100% used [0x00000007d5580000,0x00000007d6a00000,0x00000007d6a00000)
  from space 2560K, 90% used [0x00000007d6a00000,0x00000007d6c41000,0x00000007d6c80000)
  to   space 3584K, 0% used [0x00000007d6d80000,0x00000007d6d80000,0x00000007d7100000)
 ParOldGen       total 68608K, used 22207K [0x0000000780000000, 0x0000000784300000, 0x00000007d5580000)
  object space 68608K, 32% used [0x0000000780000000,0x00000007815afef8,0x0000000784300000)
 Metaspace       used 31358K, committed 32256K, reserved 1114112K
  class space    used 3185K, committed 3584K, reserved 1048576K
}
Event: 40.628 GC heap after
{Heap after GC invocations=15 (full 1):
 PSYoungGen      total 23552K, used 2368K [0x00000007d5580000, 0x00000007d7000000, 0x0000000800000000)
  eden space 20992K, 0% used [0x00000007d5580000,0x00000007d5580000,0x00000007d6a00000)
  from space 2560K, 92% used [0x00000007d6d80000,0x00000007d6fd0010,0x00000007d7000000)
  to   space 2560K, 0% used [0x00000007d6a00000,0x00000007d6a00000,0x00000007d6c80000)
 ParOldGen       total 68608K, used 24402K [0x0000000780000000, 0x0000000784300000, 0x00000007d5580000)
  object space 68608K, 35% used [0x0000000780000000,0x00000007817d4a48,0x0000000784300000)
 Metaspace       used 31358K, committed 32256K, reserved 1114112K
  class space    used 3185K, committed 3584K, reserved 1048576K
}
Event: 41.660 GC heap before
{Heap before GC invocations=16 (full 1):
 PSYoungGen      total 23552K, used 23360K [0x00000007d5580000, 0x00000007d7000000, 0x0000000800000000)
  eden space 20992K, 100% used [0x00000007d5580000,0x00000007d6a00000,0x00000007d6a00000)
  from space 2560K, 92% used [0x00000007d6d80000,0x00000007d6fd0010,0x00000007d7000000)
  to   space 2560K, 0% used [0x00000007d6a00000,0x00000007d6a00000,0x00000007d6c80000)
 ParOldGen       total 68608K, used 24402K [0x0000000780000000, 0x0000000784300000, 0x00000007d5580000)
  object space 68608K, 35% used [0x0000000780000000,0x00000007817d4a48,0x0000000784300000)
 Metaspace       used 31466K, committed 32320K, reserved 1114112K
  class space    used 3196K, committed 3584K, reserved 1048576K
}
Event: 41.676 GC heap after
{Heap after GC invocations=16 (full 1):
 PSYoungGen      total 23552K, used 2201K [0x00000007d5580000, 0x00000007d6f00000, 0x0000000800000000)
  eden space 20992K, 0% used [0x00000007d5580000,0x00000007d5580000,0x00000007d6a00000)
  from space 2560K, 85% used [0x00000007d6a00000,0x00000007d6c264f0,0x00000007d6c80000)
  to   space 2560K, 0% used [0x00000007d6c80000,0x00000007d6c80000,0x00000007d6f00000)
 ParOldGen       total 68608K, used 26714K [0x0000000780000000, 0x0000000784300000, 0x00000007d5580000)
  object space 68608K, 38% used [0x0000000780000000,0x0000000781a16a58,0x0000000784300000)
 Metaspace       used 31466K, committed 32320K, reserved 1114112K
  class space    used 3196K, committed 3584K, reserved 1048576K
}

Dll operation events (20 events):
Event: 1.447 Loaded shared library /Users/user/.vscode/extensions/redhat.java-1.52.0-darwin-x64/jre/21.0.9-macosx-x86_64/lib/libnio.dylib
Event: 1.454 Loaded shared library /Users/user/.vscode/extensions/redhat.java-1.52.0-darwin-x64/jre/21.0.9-macosx-x86_64/lib/libzip.dylib
Event: 1.826 Loaded shared library /Users/user/.vscode/extensions/redhat.java-1.52.0-darwin-x64/jre/21.0.9-macosx-x86_64/lib/libjimage.dylib
Event: 2.930 Loaded shared library /Users/user/.vscode/extensions/redhat.java-1.52.0-darwin-x64/jre/21.0.9-macosx-x86_64/lib/libverify.dylib
Event: 9.543 Loaded shared library /Users/user/.vscode/extensions/redhat.java-1.52.0-darwin-x64/jre/21.0.9-macosx-x86_64/lib/libnet.dylib
Event: 13.101 Loaded shared library /Users/user/Library/Application Support/Code/User/globalStorage/redhat.java/1.52.0/config_ss_mac/org.eclipse.equinox.launcher/org.eclipse.equinox.launcher.cocoa.macosx.x86_64_1.2.1400.v20250801-0854/eclipse_11916.so
Event: 19.227 Loading shared library /Users/user/.vscode/extensions/redhat.java-1.52.0-darwin-x64/jre/21.0.9-macosx-x86_64/lib/libunixfile_1_0_0.dylib failed, dlopen(/Users/user/.vscode/extensions/redhat.java-1.52.0-darwin-x64/jre/21.0.9-macosx-x86_64/lib/libunixfile_1
Event: 19.228 Loading shared library /Users/user/.vscode/extensions/redhat.java-1.52.0-darwin-x64/jre/21.0.9-macosx-x86_64/lib/libunixfile_1_0_0.jnilib failed, dlopen(/Users/user/.vscode/extensions/redhat.java-1.52.0-darwin-x64/jre/21.0.9-macosx-x86_64/lib/libunixfile_
Event: 19.229 Loading shared library /Users/user/Library/Java/Extensions/libunixfile_1_0_0.dylib failed, dlopen(/Users/user/Library/Java/Extensions/libunixfile_1_0_0.dylib, 0x0001): tried: '/Users/user/Library/Java/Extensions/libunixfile_1_0_0.dylib' (no such file), '/
Event: 19.229 Loading shared library /Users/user/Library/Java/Extensions/libunixfile_1_0_0.jnilib failed, dlopen(/Users/user/Library/Java/Extensions/libunixfile_1_0_0.jnilib, 0x0001): tried: '/Users/user/Library/Java/Extensions/libunixfile_1_0_0.jnilib' (no such file),
Event: 19.230 Loading shared library /Library/Java/Extensions/libunixfile_1_0_0.dylib failed, dlopen(/Library/Java/Extensions/libunixfile_1_0_0.dylib, 0x0001): tried: '/Library/Java/Extensions/libunixfile_1_0_0.dylib' (no such file), '/System/Volumes/Preboot/Cryptexes/
Event: 19.231 Loading shared library /Library/Java/Extensions/libunixfile_1_0_0.jnilib failed, dlopen(/Library/Java/Extensions/libunixfile_1_0_0.jnilib, 0x0001): tried: '/Library/Java/Extensions/libunixfile_1_0_0.jnilib' (no such file), '/System/Volumes/Preboot/Cryptex
Event: 19.231 Loading shared library /Network/Library/Java/Extensions/libunixfile_1_0_0.dylib failed, dlopen(/Network/Library/Java/Extensions/libunixfile_1_0_0.dylib, 0x0001): tried: '/Network/Library/Java/Extensions/libunixfile_1_0_0.dylib' (no such file), '/System/Vo
Event: 19.231 Loading shared library /Network/Library/Java/Extensions/libunixfile_1_0_0.jnilib failed, dlopen(/Network/Library/Java/Extensions/libunixfile_1_0_0.jnilib, 0x0001): tried: '/Network/Library/Java/Extensions/libunixfile_1_0_0.jnilib' (no such file), '/System
Event: 19.232 Loading shared library /System/Library/Java/Extensions/libunixfile_1_0_0.dylib failed, dlopen(/System/Library/Java/Extensions/libunixfile_1_0_0.dylib, 0x0001): tried: '/System/Library/Java/Extensions/libunixfile_1_0_0.dylib' (no such file), '/System/Volum
Event: 19.232 Loading shared library /System/Library/Java/Extensions/libunixfile_1_0_0.jnilib failed, dlopen(/System/Library/Java/Extensions/libunixfile_1_0_0.jnilib, 0x0001): tried: '/System/Library/Java/Extensions/libunixfile_1_0_0.jnilib' (no such file), '/System/Vo
Event: 19.233 Loading shared library /usr/lib/java/libunixfile_1_0_0.dylib failed, dlopen(/usr/lib/java/libunixfile_1_0_0.dylib, 0x0001): tried: '/usr/lib/java/libunixfile_1_0_0.dylib' (no such file), '/System/Volumes/Preboot/Cryptexes/OS/usr/lib/java/libunixfile_1_0_0
Event: 19.233 Loading shared library /usr/lib/java/libunixfile_1_0_0.jnilib failed, dlopen(/usr/lib/java/libunixfile_1_0_0.jnilib, 0x0001): tried: '/usr/lib/java/libunixfile_1_0_0.jnilib' (no such file), '/System/Volumes/Preboot/Cryptexes/OS/usr/lib/java/libunixfile_1_
Event: 19.234 Loading shared library /Users/user/Projects/drivers/libunixfile_1_0_0.dylib failed, dlopen(/Users/user/Projects/drivers/libunixfile_1_0_0.dylib, 0x0001): tried: '/Users/user/Projects/drivers/libunixfile_1_0_0.dylib' (no such file), '/System/Volumes/Preboo
Event: 19.236 Loading shared library /Users/user/Projects/drivers/libunixfile_1_0_0.jnilib failed, dlopen(/Users/user/Projects/drivers/libunixfile_1_0_0.jnilib, 0x0001): tried: '/Users/user/Projects/drivers/libunixfile_1_0_0.jnilib' (no such file), '/System/Volumes/Pre

Deoptimization events (20 events):
Event: 41.763 Thread 0x00007fa013188e00 DEOPT PACKING pc=0x00000002de097bc6 sp=0x000070000559ef00
Event: 41.763 Thread 0x00007fa013188e00 DEOPT UNPACKING pc=0x00000002e5514b2f sp=0x000070000559e418 mode 0
Event: 41.763 Thread 0x00007fa013188e00 DEOPT PACKING pc=0x00000002de097bc6 sp=0x000070000559ef00
Event: 41.763 Thread 0x00007fa013188e00 DEOPT UNPACKING pc=0x00000002e5514b2f sp=0x000070000559e418 mode 0
Event: 42.591 Thread 0x00007fa0138c8600 DEOPT PACKING pc=0x00000002de097bc6 sp=0x00007000056a2640
Event: 42.591 Thread 0x00007fa0138c8600 DEOPT UNPACKING pc=0x00000002e5514b2f sp=0x00007000056a1b50 mode 0
Event: 42.591 Thread 0x00007fa0138c8600 DEOPT PACKING pc=0x00000002de097bc6 sp=0x00007000056a2640
Event: 42.591 Thread 0x00007fa0138c8600 DEOPT UNPACKING pc=0x00000002e5514b2f sp=0x00007000056a1b50 mode 0
Event: 42.901 Thread 0x00007fa013188e00 DEOPT PACKING pc=0x00000002de446db1 sp=0x000070000559cff0
Event: 42.901 Thread 0x00007fa013188e00 DEOPT UNPACKING pc=0x00000002e5514b2f sp=0x000070000559c4d0 mode 0
Event: 43.094 Thread 0x00007fa0119f2c00 Uncommon trap: trap_request=0xffffff45 fr.pc=0x00000002e5b8cc8c relative=0x00000000000008ac
Event: 43.094 Thread 0x00007fa0119f2c00 Uncommon trap: reason=unstable_if action=reinterpret pc=0x00000002e5b8cc8c method=java.util.Properties$LineReader.readLine()I @ 249 c2
Event: 43.094 Thread 0x00007fa0119f2c00 DEOPT PACKING pc=0x00000002e5b8cc8c sp=0x00007000057a4ba0
Event: 43.094 Thread 0x00007fa0119f2c00 DEOPT UNPACKING pc=0x00000002e5514399 sp=0x00007000057a4b50 mode 2
Event: 43.094 Thread 0x00007fa0119f2c00 Uncommon trap: trap_request=0xffffff45 fr.pc=0x00000002e5b00344 relative=0x00000000000005e4
Event: 43.094 Thread 0x00007fa0119f2c00 Uncommon trap: reason=unstable_if action=reinterpret pc=0x00000002e5b00344 method=java.util.Properties$LineReader.readLine()I @ 249 c2
Event: 43.094 Thread 0x00007fa0119f2c00 DEOPT PACKING pc=0x00000002e5b00344 sp=0x00007000057a4bb0
Event: 43.094 Thread 0x00007fa0119f2c00 DEOPT UNPACKING pc=0x00000002e5514399 sp=0x00007000057a4b50 mode 2
Event: 43.358 Thread 0x00007fa0119f2c00 DEOPT PACKING pc=0x00000002de197797 sp=0x00007000057a1240
Event: 43.358 Thread 0x00007fa0119f2c00 DEOPT UNPACKING pc=0x00000002e5514b2f sp=0x00007000057a0798 mode 0

Classes loaded (20 events):
Event: 34.321 Loading class java/lang/invoke/MethodHandleImpl$Makers$2
Event: 34.321 Loading class java/lang/invoke/MethodHandleImpl$Makers$2 done
Event: 34.321 Loading class java/lang/invoke/MethodHandleImpl$Makers$3
Event: 34.321 Loading class java/lang/invoke/MethodHandleImpl$Makers$3 done
Event: 34.325 Loading class java/lang/runtime/ObjectMethods$1
Event: 34.326 Loading class java/lang/runtime/ObjectMethods$1 done
Event: 35.944 Loading class java/lang/invoke/MethodHandleImpl$CountingWrapper
Event: 35.945 Loading class java/lang/invoke/MethodHandleImpl$CountingWrapper done
Event: 35.962 Loading class java/util/AbstractList$ListItr
Event: 35.962 Loading class java/util/AbstractList$ListItr done
Event: 35.975 Loading class java/nio/channels/Channels$ReadableByteChannelImpl
Event: 35.975 Loading class java/nio/channels/Channels$ReadableByteChannelImpl done
Event: 35.976 Loading class java/nio/channels/NonWritableChannelException
Event: 35.976 Loading class java/nio/channels/NonWritableChannelException done
Event: 40.064 Loading class java/lang/invoke/MethodHandleImpl$CountingWrapper$1
Event: 40.065 Loading class java/lang/invoke/MethodHandleImpl$CountingWrapper$1 done
Event: 41.755 Loading class java/lang/ExceptionInInitializerError
Event: 41.755 Loading class java/lang/ExceptionInInitializerError done
Event: 42.840 Loading class sun/misc/Unsafe
Event: 42.842 Loading class sun/misc/Unsafe done

Classes unloaded (7 events):
Event: 24.455 Thread 0x00007fa01200aea0 Unloading class 0x00000002f218cc00 'java/lang/invoke/LambdaForm$MH+0x00000002f218cc00'
Event: 24.455 Thread 0x00007fa01200aea0 Unloading class 0x00000002f218c800 'java/lang/invoke/LambdaForm$MH+0x00000002f218c800'
Event: 24.455 Thread 0x00007fa01200aea0 Unloading class 0x00000002f218c400 'java/lang/invoke/LambdaForm$MH+0x00000002f218c400'
Event: 24.455 Thread 0x00007fa01200aea0 Unloading class 0x00000002f218c000 'java/lang/invoke/LambdaForm$MH+0x00000002f218c000'
Event: 24.455 Thread 0x00007fa01200aea0 Unloading class 0x00000002f218bc00 'java/lang/invoke/LambdaForm$BMH+0x00000002f218bc00'
Event: 24.455 Thread 0x00007fa01200aea0 Unloading class 0x00000002f218b800 'java/lang/invoke/LambdaForm$DMH+0x00000002f218b800'
Event: 24.455 Thread 0x00007fa01200aea0 Unloading class 0x00000002f218a400 'java/lang/invoke/LambdaForm$DMH+0x00000002f218a400'

Classes redefined (0 events):
No events

Internal exceptions (20 events):
Event: 32.983 Thread 0x00007fa0119f2c00 Exception <a 'java/lang/NoSuchMethodError'{0x00000007d59f0de8}: 'java.lang.Object java.lang.invoke.DelegatingMethodHandle$Holder.reinvoke_L(java.lang.Object, int, long, java.lang.Object, java.lang.Object, int, java.lang.Object)'> (0x00000007d59f0de8) 
thrown [src/hotspot/share/interpreter/linkResolver.cpp, line 773]
Event: 34.319 Thread 0x00007fa013188e00 Exception <a 'java/lang/NoSuchMethodError'{0x00000007d5f69438}: 'java.lang.Object java.lang.invoke.DirectMethodHandle$Holder.invokeStaticInit(java.lang.Object, java.lang.Object, java.lang.Object, java.lang.Object, java.lang.Object, java.lang.Object, java.lang.Object)'> (0x00000007d5f69438) 
thrown [src/hotspot/share/interpreter/linkResolver.cpp, line 773]
Event: 34.320 Thread 0x00007fa013188e00 Exception <a 'java/lang/NoSuchMethodError'{0x00000007d5f6e3f0}: 'java.lang.Object java.lang.invoke.Invokers$Holder.invoke_MT(java.lang.Object, java.lang.Object, java.lang.Object, java.lang.Object, java.lang.Object, java.lang.Object, java.lang.Object, java.lang.Object, java.lang.Object, java.lang.Object)'> (0x00000007d5f6e3f0) 
thrown [src/hotspot/share/interpreter/linkResolver.cpp, line 773]
Event: 34.326 Thread 0x00007fa013188e00 Exception <a 'java/lang/NoSuchMethodError'{0x00000007d5fae158}: 'int java.lang.invoke.DirectMethodHandle$Holder.invokeVirtual(java.lang.Object, java.lang.Object, java.lang.Object)'> (0x00000007d5fae158) 
thrown [src/hotspot/share/interpreter/linkResolver.cpp, line 773]
Event: 34.327 Thread 0x00007fa013188e00 Exception <a 'java/lang/NoSuchMethodError'{0x00000007d5fb2500}: 'int java.lang.invoke.DirectMethodHandle$Holder.invokeStaticInit(java.lang.Object, int, int)'> (0x00000007d5fb2500) 
thrown [src/hotspot/share/interpreter/linkResolver.cpp, line 773]
Event: 34.327 Thread 0x00007fa013188e00 Exception <a 'java/lang/NoSuchMethodError'{0x00000007d5fb9ca8}: 'int java.lang.invoke.DirectMethodHandle$Holder.invokeStaticInit(java.lang.Object, long, long)'> (0x00000007d5fb9ca8) 
thrown [src/hotspot/share/interpreter/linkResolver.cpp, line 773]
Event: 34.328 Thread 0x00007fa013188e00 Exception <a 'java/lang/NoSuchMethodError'{0x00000007d5fc09f0}: 'int java.lang.invoke.DirectMethodHandle$Holder.invokeStaticInit(java.lang.Object, float, float)'> (0x00000007d5fc09f0) 
thrown [src/hotspot/share/interpreter/linkResolver.cpp, line 773]
Event: 34.329 Thread 0x00007fa013188e00 Exception <a 'java/lang/NoSuchMethodError'{0x00000007d5fc7730}: 'int java.lang.invoke.DirectMethodHandle$Holder.invokeStaticInit(java.lang.Object, double, double)'> (0x00000007d5fc7730) 
thrown [src/hotspot/share/interpreter/linkResolver.cpp, line 773]
Event: 34.329 Thread 0x00007fa013188e00 Exception <a 'java/lang/NoSuchMethodError'{0x00000007d5fcbf48}: 'int java.lang.invoke.DirectMethodHandle$Holder.invokeStatic(java.lang.Object, long)'> (0x00000007d5fcbf48) 
thrown [src/hotspot/share/interpreter/linkResolver.cpp, line 773]
Event: 34.333 Thread 0x00007fa0138c8600 Exception <a 'java/lang/NoSuchMethodError'{0x00000007d603da60}: 'int java.lang.invoke.Invokers$Holder.linkToTargetMethod(java.lang.Object, java.lang.Object)'> (0x00000007d603da60) 
thrown [src/hotspot/share/interpreter/linkResolver.cpp, line 773]
Event: 35.941 Thread 0x00007fa0119f2c00 Exception <a 'java/lang/NoSuchMethodError'{0x00000007d6081468}: 'int java.lang.invoke.DirectMethodHandle$Holder.invokeSpecial(java.lang.Object, java.lang.Object, java.lang.Object, java.lang.Object)'> (0x00000007d6081468) 
thrown [src/hotspot/share/interpreter/linkResolver.cpp, line 773]
Event: 35.941 Thread 0x00007fa013188e00 Exception <a 'java/lang/NoSuchMethodError'{0x00000007d609d400}: 'int java.lang.invoke.DirectMethodHandle$Holder.invokeSpecial(java.lang.Object, java.lang.Object, java.lang.Object, java.lang.Object)'> (0x00000007d609d400) 
thrown [src/hotspot/share/interpreter/linkResolver.cpp, line 773]
Event: 35.943 Thread 0x00007fa0119f2c00 Exception <a 'java/lang/NoSuchMethodError'{0x00000007d608eda0}: 'java.lang.Object java.lang.invoke.DirectMethodHandle$Holder.invokeStatic(java.lang.Object, int, java.lang.Object, java.lang.Object)'> (0x00000007d608eda0) 
thrown [src/hotspot/share/interpreter/linkResolver.cpp, line 773]
Event: 35.944 Thread 0x00007fa0119f2c00 Exception <a 'java/lang/NoSuchMethodError'{0x00000007d6092850}: 'java.lang.Object java.lang.invoke.DelegatingMethodHandle$Holder.delegate(java.lang.Object, int, java.lang.Object, java.lang.Object)'> (0x00000007d6092850) 
thrown [src/hotspot/share/interpreter/linkResolver.cpp, line 773]
Event: 35.944 Thread 0x00007fa013188e00 Exception <a 'java/lang/NoSuchMethodError'{0x00000007d60aa3a8}: 'java.lang.Object java.lang.invoke.DelegatingMethodHandle$Holder.delegate(java.lang.Object, int, java.lang.Object, java.lang.Object)'> (0x00000007d60aa3a8) 
thrown [src/hotspot/share/interpreter/linkResolver.cpp, line 773]
Event: 35.948 Thread 0x00007fa0119f2c00 Exception <a 'java/lang/NoSuchMethodError'{0x00000007d60c3e88}: 'int java.lang.invoke.Invokers$Holder.linkToTargetMethod(java.lang.Object, java.lang.Object, java.lang.Object)'> (0x00000007d60c3e88) 
thrown [src/hotspot/share/interpreter/linkResolver.cpp, line 773]
Event: 35.948 Thread 0x00007fa013188e00 Exception <a 'java/lang/NoSuchMethodError'{0x00000007d60fdc78}: 'int java.lang.invoke.Invokers$Holder.linkToTargetMethod(java.lang.Object, java.lang.Object, java.lang.Object)'> (0x00000007d60fdc78) 
thrown [src/hotspot/share/interpreter/linkResolver.cpp, line 773]
Event: 42.862 Thread 0x00007fa0138c8600 Exception <a 'java/lang/NoSuchMethodError'{0x00000007d5ff0eb8}: 'java.lang.Object java.lang.invoke.DirectMethodHandle$Holder.invokeVirtual(java.lang.Object, java.lang.Object, int)'> (0x00000007d5ff0eb8) 
thrown [src/hotspot/share/interpreter/linkResolver.cpp, line 773]
Event: 43.152 Thread 0x00007fa0138c8600 Exception <a 'java/lang/LinkageError'{0x00000007d617c4e8}: loader lombok.launch.ShadowClassLoader @6446bc58 attempted duplicate class definition for lombok.launch.PatchFixesHider$Transform. (lombok.launch.PatchFixesHider$Transform is in unnamed module of loader lombok.launch.ShadowClassLoader @6446bc58, parent loader org.eclipse.osgi.internal.loader.EquinoxClassLoader @746d1519)> (0x00000007d617c4e8) 
thrown [src/hotspot/share/classfile/systemDictionary.cpp, line 1682]
Event: 43.152 Thread 0x00007fa013188e00 Exception <a 'java/lang/LinkageError'{0x00000007d62fe1d8}: loader lombok.launch.ShadowClassLoader @6446bc58 attempted duplicate class definition for lombok.launch.PatchFixesHider$Transform. (lombok.launch.PatchFixesHider$Transform is in unnamed module of loader lombok.launch.ShadowClassLoader @6446bc58, parent loader org.eclipse.osgi.internal.loader.EquinoxClassLoader @746d1519)> (0x00000007d62fe1d8) 
thrown [src/hotspot/share/classfile/systemDictionary.cpp, line 1682]

ZGC Phase Switch (0 events):
No events

VM Operations (20 events):
Event: 35.198 Executing VM operation: ParallelGCFailedAllocation (Allocation Failure)
Event: 35.213 Executing VM operation: ParallelGCFailedAllocation (Allocation Failure) done
Event: 36.214 Executing VM operation: Cleanup
Event: 36.217 Executing VM operation: Cleanup done
Event: 36.424 Executing VM operation: ParallelGCFailedAllocation (Allocation Failure)
Event: 36.439 Executing VM operation: ParallelGCFailedAllocation (Allocation Failure) done
Event: 38.226 Executing VM operation: ParallelGCFailedAllocation (Allocation Failure)
Event: 38.241 Executing VM operation: ParallelGCFailedAllocation (Allocation Failure) done
Event: 39.241 Executing VM operation: Cleanup
Event: 39.283 Executing VM operation: Cleanup done
Event: 39.810 Executing VM operation: ParallelGCFailedAllocation (Allocation Failure)
Event: 39.816 Executing VM operation: ParallelGCFailedAllocation (Allocation Failure) done
Event: 40.613 Executing VM operation: ParallelGCFailedAllocation (Allocation Failure)
Event: 40.628 Executing VM operation: ParallelGCFailedAllocation (Allocation Failure) done
Event: 41.623 Executing VM operation: ParallelGCFailedAllocation (Allocation Failure)
Event: 41.676 Executing VM operation: ParallelGCFailedAllocation (Allocation Failure) done
Event: 42.679 Executing VM operation: Cleanup
Event: 42.679 Executing VM operation: Cleanup done
Event: 42.885 Executing VM operation: HandshakeAllThreads (Deoptimize)
Event: 42.885 Executing VM operation: HandshakeAllThreads (Deoptimize) done

Memory protections (20 events):
Event: 0.558 Protecting memory [0x00007000041e8000,0x00007000041ec000] with protection modes 0
Event: 0.569 Protecting memory [0x00007000042eb000,0x00007000042ef000] with protection modes 0
Event: 1.406 Protecting memory [0x00007000043ee000,0x00007000043f2000] with protection modes 0
Event: 3.415 Protecting memory [0x00007000044f1000,0x00007000044f5000] with protection modes 0
Event: 11.653 Protecting memory [0x00007000048fd000,0x0000700004901000] with protection modes 0
Event: 13.027 Protecting memory [0x0000700004a00000,0x0000700004a04000] with protection modes 0
Event: 13.044 Protecting memory [0x0000700004b03000,0x0000700004b07000] with protection modes 0
Event: 14.164 Protecting memory [0x0000700004c89000,0x0000700004c8d000] with protection modes 0
Event: 16.596 Protecting memory [0x0000700004d8c000,0x0000700004d90000] with protection modes 0
Event: 19.787 Protecting memory [0x0000700004e8f000,0x0000700004e93000] with protection modes 0
Event: 19.823 Protecting memory [0x0000700004f92000,0x0000700004f96000] with protection modes 0
Event: 25.954 Protecting memory [0x0000700005095000,0x0000700005099000] with protection modes 0
Event: 27.396 Protecting memory [0x0000700005095000,0x0000700005099000] with protection modes 3
Event: 29.166 Protecting memory [0x0000700005095000,0x0000700005099000] with protection modes 0
Event: 29.344 Protecting memory [0x0000700005198000,0x000070000519c000] with protection modes 0
Event: 30.330 Protecting memory [0x000070000529b000,0x000070000529f000] with protection modes 0
Event: 30.738 Protecting memory [0x000070000539e000,0x00007000053a2000] with protection modes 0
Event: 30.739 Protecting memory [0x00007000054a1000,0x00007000054a5000] with protection modes 0
Event: 32.706 Protecting memory [0x00007000055a4000,0x00007000055a8000] with protection modes 0
Event: 32.710 Protecting memory [0x00007000056a7000,0x00007000056ab000] with protection modes 0

Nmethod flushes (0 events):
No events

Events (20 events):
Event: 0.558 Thread 0x00007fa01280a200 Thread added: 0x00007fa01181a000
Event: 0.569 Thread 0x00007fa01280a200 Thread added: 0x00007fa01300a000
Event: 1.406 Thread 0x00007fa01280a200 Thread added: 0x00007fa013819000
Event: 3.415 Thread 0x00007fa01280a200 Thread added: 0x00007fa0118bb800
Event: 11.653 Thread 0x00007fa01280a200 Thread added: 0x00007fa013070a00
Event: 13.026 Thread 0x00007fa01280a200 Thread added: 0x00007fa0130a6600
Event: 13.044 Thread 0x00007fa01280a200 Thread added: 0x00007fa012a0c000
Event: 14.164 Thread 0x00007fa012a0c000 Thread added: 0x00007fa013858200
Event: 16.596 Thread 0x00007fa012a0c000 Thread added: 0x00007fa01303c800
Event: 19.787 Thread 0x00007fa012a0c000 Thread added: 0x00007fa01385aa00
Event: 19.823 Thread 0x00007fa012a0c000 Thread added: 0x00007fa0119dfc00
Event: 25.954 Thread 0x00007fa012a0c000 Thread added: 0x00007fa013a7c800
Event: 27.396 Thread 0x00007fa013a7c800 Thread exited: 0x00007fa013a7c800
Event: 29.166 Thread 0x00007fa01280a200 Thread added: 0x00007fa012b72c00
Event: 29.344 Thread 0x00007fa01385aa00 Thread added: 0x00007fa0119f4400
Event: 30.330 Thread 0x00007fa01385aa00 Thread added: 0x00007fa0119f4c00
Event: 30.738 Thread 0x00007fa01280a200 Thread added: 0x00007fa013a7e400
Event: 30.739 Thread 0x00007fa01280a200 Thread added: 0x00007fa013188e00
Event: 32.706 Thread 0x00007fa013188e00 Thread added: 0x00007fa0138c8600
Event: 32.710 Thread 0x00007fa013188e00 Thread added: 0x00007fa0119f2c00


Dynamic libraries:
0x000000010fcab000 	/Users/user/.vscode/extensions/redhat.java-1.52.0-darwin-x64/jre/21.0.9-macosx-x86_64/lib/libjli.dylib
0x00007ff81fa8e000 	/System/Library/Frameworks/Cocoa.framework/Versions/A/Cocoa
0x00007ff805765000 	/System/Library/Frameworks/Security.framework/Versions/A/Security
0x00007ff81cfd6000 	/System/Library/Frameworks/ApplicationServices.framework/Versions/A/ApplicationServices
0x00007ff810ca3000 	/usr/lib/libSystem.B.dylib
0x00007ff8027f8000 	/System/Library/Frameworks/CoreFoundation.framework/Versions/A/CoreFoundation
0x00007ff803959000 	/System/Library/Frameworks/Foundation.framework/Versions/C/Foundation
0x00007ff802399000 	/usr/lib/libobjc.A.dylib
0x00007ff806299000 	/System/Library/Frameworks/AppKit.framework/Versions/C/AppKit
0x00007ff809821000 	/System/Library/Frameworks/CoreData.framework/Versions/A/CoreData
0x00007ff8077ec000 	/System/Library/PrivateFrameworks/UIFoundation.framework/Versions/A/UIFoundation
0x00007ffb1a245000 	/System/Library/PrivateFrameworks/CollectionViewCore.framework/Versions/A/CollectionViewCore
0x00007ff818727000 	/System/Library/PrivateFrameworks/RemoteViewServices.framework/Versions/A/RemoteViewServices
0x00007ff80e59f000 	/System/Library/PrivateFrameworks/XCTTargetBootstrap.framework/Versions/A/XCTTargetBootstrap
0x00007ff813887000 	/System/Library/PrivateFrameworks/InternationalSupport.framework/Versions/A/InternationalSupport
0x00007ff813bd6000 	/System/Library/PrivateFrameworks/UserActivity.framework/Versions/A/UserActivity
0x00007ffd0641d000 	/System/Library/PrivateFrameworks/UIIntelligenceSupport.framework/Versions/A/UIIntelligenceSupport
0x00007ffb10dbd000 	/System/Library/Frameworks/SwiftUICore.framework/Versions/A/SwiftUICore
0x00007ffd0b00b000 	/System/Library/PrivateFrameworks/WritingTools.framework/Versions/A/WritingTools
0x00007ffd0a160000 	/System/Library/PrivateFrameworks/WindowManagement.framework/Versions/A/WindowManagement
0x00007ff8035e5000 	/System/Library/Frameworks/SystemConfiguration.framework/Versions/A/SystemConfiguration
0x00007ff812bb7000 	/usr/lib/libspindump.dylib
0x00007ff8079c8000 	/System/Library/Frameworks/UniformTypeIdentifiers.framework/Versions/A/UniformTypeIdentifiers
0x00007ff80ff99000 	/usr/lib/libbsm.0.dylib
0x00007ff80c15f000 	/usr/lib/libapp_launch_measurement.dylib
0x00007ff80b28a000 	/System/Library/PrivateFrameworks/CoreAnalytics.framework/Versions/A/CoreAnalytics
0x00007ff80c162000 	/System/Library/PrivateFrameworks/CoreAutoLayout.framework/Versions/A/CoreAutoLayout
0x000000010fcd3000 	/System/Library/Frameworks/Metal.framework/Versions/A/Metal
0x00007ff80ee54000 	/usr/lib/liblangid.dylib
0x00007ff80e5a4000 	/System/Library/PrivateFrameworks/CoreSVG.framework/Versions/A/CoreSVG
0x00007ff8083f9000 	/System/Library/PrivateFrameworks/SkyLight.framework/Versions/A/SkyLight
0x00007ff8088c6000 	/System/Library/Frameworks/CoreGraphics.framework/Versions/A/CoreGraphics
0x00007ff818e16000 	/System/Library/Frameworks/Accelerate.framework/Versions/A/Accelerate
0x00007ff8129f7000 	/System/Library/PrivateFrameworks/IconServices.framework/Versions/A/IconServices
0x00007ff80dbc8000 	/System/Library/Frameworks/IOSurface.framework/Versions/A/IOSurface
0x00007ff80b2b8000 	/usr/lib/libDiagnosticMessagesClient.dylib
0x00007ff810bb8000 	/usr/lib/libz.1.dylib
0x00007ff80e58c000 	/System/Library/PrivateFrameworks/DFRFoundation.framework/Versions/A/DFRFoundation
0x00007ff805b49000 	/usr/lib/libicucore.A.dylib
0x00007ff814c3f000 	/System/Library/Frameworks/AudioToolbox.framework/Versions/A/AudioToolbox
0x00007ff813b8f000 	/System/Library/PrivateFrameworks/DataDetectorsCore.framework/Versions/A/DataDetectorsCore
0x00007ff90efb3000 	/System/Library/PrivateFrameworks/TextInput.framework/Versions/A/TextInput
0x00007ff80834c000 	/usr/lib/libMobileGestalt.dylib
0x00007ff80e2aa000 	/System/Library/Frameworks/Carbon.framework/Versions/A/Frameworks/HIToolbox.framework/Versions/A/HIToolbox
0x00007ff80ba70000 	/System/Library/Frameworks/QuartzCore.framework/Versions/A/QuartzCore
0x00007ff81875f000 	/System/Library/Frameworks/Carbon.framework/Versions/A/Frameworks/SpeechRecognition.framework/Versions/A/SpeechRecognition
0x00007ff80be6b000 	/System/Library/PrivateFrameworks/CoreUI.framework/Versions/A/CoreUI
0x00007ff805023000 	/System/Library/Frameworks/CoreAudio.framework/Versions/A/CoreAudio
0x00007ff80b39f000 	/System/Library/Frameworks/DiskArbitration.framework/Versions/A/DiskArbitration
0x00007ff813004000 	/System/Library/PrivateFrameworks/MultitouchSupport.framework/Versions/A/MultitouchSupport
0x00007ff80834b000 	/usr/lib/libenergytrace.dylib
0x00007ff90335d000 	/System/Library/PrivateFrameworks/RenderBox.framework/Versions/A/RenderBox
0x00007ff806168000 	/System/Library/Frameworks/IOKit.framework/Versions/A/IOKit
0x00007ff818b6a000 	/System/Library/Frameworks/CoreServices.framework/Versions/A/CoreServices
0x00007ff80c0f6000 	/System/Library/PrivateFrameworks/PerformanceAnalysis.framework/Versions/A/PerformanceAnalysis
0x00007ffb07f2d000 	/System/Library/Frameworks/OpenGL.framework/Versions/A/OpenGL
0x00007ff80c1ac000 	/usr/lib/libxml2.2.dylib
0x00007ff80fe8b000 	/System/Library/PrivateFrameworks/MobileKeyBag.framework/Versions/A/MobileKeyBag
0x00007ff8026b2000 	/usr/lib/libc++.1.dylib
0x00007ff818ae5000 	/System/Library/Frameworks/Accessibility.framework/Versions/A/Accessibility
0x00007ff8091b9000 	/System/Library/Frameworks/ColorSync.framework/Versions/A/ColorSync
0x000000010fc8d000 	/System/Library/Frameworks/CoreImage.framework/Versions/A/CoreImage
0x00007ff804dea000 	/System/Library/Frameworks/CoreText.framework/Versions/A/CoreText
0x00007ffb0bf2f000 	/System/Library/Frameworks/CoreTransferable.framework/Versions/A/CoreTransferable
0x00007ffb0c3d3000 	/System/Library/Frameworks/DataDetection.framework/Versions/A/DataDetection
0x00007ffb0c3d6000 	/System/Library/Frameworks/DeveloperToolsSupport.framework/Versions/A/DeveloperToolsSupport
0x00007ff80e5dc000 	/System/Library/Frameworks/ImageIO.framework/Versions/A/ImageIO
0x00007ffb11923000 	/System/Library/Frameworks/Symbols.framework/Versions/A/Symbols
0x00007ffa166c2000 	/System/Library/PrivateFrameworks/FeatureFlags.framework/Versions/A/FeatureFlags
0x00007ff810ca8000 	/System/Library/PrivateFrameworks/SoftLinking.framework/Versions/A/SoftLinking
0x00007ffa02249000 	/usr/lib/swift/libswiftAccelerate.dylib
0x00007ff81467e000 	/usr/lib/swift/libswiftCore.dylib
0x00007ff90b4a0000 	/usr/lib/swift/libswiftCoreFoundation.dylib
0x00007ff90b4ed000 	/usr/lib/swift/libswiftCoreImage.dylib
0x00007ff908ac3000 	/usr/lib/swift/libswiftDarwin.dylib
0x00007ffd1208a000 	/usr/lib/swift/libswiftDataDetection.dylib
0x00007ff81a941000 	/usr/lib/swift/libswiftDispatch.dylib
0x00007ff90b4ee000 	/usr/lib/swift/libswiftIOKit.dylib
0x00007ff91837e000 	/usr/lib/swift/libswiftMetal.dylib
0x00007ffa07737000 	/usr/lib/swift/libswiftOSLog.dylib
0x00007ff81d49d000 	/usr/lib/swift/libswiftObjectiveC.dylib
0x00007ffd120b4000 	/usr/lib/swift/libswiftObservation.dylib
0x00007ff91d7cb000 	/usr/lib/swift/libswiftQuartzCore.dylib
0x00007ffa0223a000 	/usr/lib/swift/libswiftUniformTypeIdentifiers.dylib
0x00007ff90b4b0000 	/usr/lib/swift/libswiftXPC.dylib
0x00007ffd121b3000 	/usr/lib/swift/libswift_Builtin_float.dylib
0x00007ffd121b6000 	/usr/lib/swift/libswift_Concurrency.dylib
0x00007ffd122ff000 	/usr/lib/swift/libswift_StringProcessing.dylib
0x00007ffd12384000 	/usr/lib/swift/libswift_errno.dylib
0x00007ffd12386000 	/usr/lib/swift/libswift_math.dylib
0x00007ffd12389000 	/usr/lib/swift/libswift_signal.dylib
0x00007ffd1238a000 	/usr/lib/swift/libswift_stdio.dylib
0x00007ffd1238b000 	/usr/lib/swift/libswift_time.dylib
0x00007ff81d4a1000 	/usr/lib/swift/libswiftos.dylib
0x00007ff90ef06000 	/usr/lib/swift/libswiftsimd.dylib
0x00007ffd1238c000 	/usr/lib/swift/libswiftsys_time.dylib
0x00007ffd1238d000 	/usr/lib/swift/libswiftunistd.dylib
0x00007ff810ea1000 	/usr/lib/libcompression.dylib
0x00007ff8137c9000 	/System/Library/PrivateFrameworks/TextureIO.framework/Versions/A/TextureIO
0x00007ff812684000 	/usr/lib/libate.dylib
0x00007ff810c9d000 	/usr/lib/system/libcache.dylib
0x00007ff810c56000 	/usr/lib/system/libcommonCrypto.dylib
0x00007ff810c80000 	/usr/lib/system/libcompiler_rt.dylib
0x00007ff810c74000 	/usr/lib/system/libcopyfile.dylib
0x00007ff8024e0000 	/usr/lib/system/libcorecrypto.dylib
0x00007ff8025de000 	/usr/lib/system/libdispatch.dylib
0x00007ff802791000 	/usr/lib/system/libdyld.dylib
0x00007ff810c93000 	/usr/lib/system/libkeymgr.dylib
0x00007ff810c3b000 	/usr/lib/system/libmacho.dylib
0x00007ff80ff74000 	/usr/lib/system/libquarantine.dylib
0x00007ff810c90000 	/usr/lib/system/libremovefile.dylib
0x00007ff8083c1000 	/usr/lib/system/libsystem_asl.dylib
0x00007ff80247a000 	/usr/lib/system/libsystem_blocks.dylib
0x00007ff802629000 	/usr/lib/system/libsystem_c.dylib
0x00007ff810c88000 	/usr/lib/system/libsystem_collections.dylib
0x00007ff80ee43000 	/usr/lib/system/libsystem_configuration.dylib
0x00007ff80db99000 	/usr/lib/system/libsystem_containermanager.dylib
0x00007ff810801000 	/usr/lib/system/libsystem_coreservices.dylib
0x00007ff805df2000 	/usr/lib/system/libsystem_darwin.dylib
0x00007ffd124e6000 	/usr/lib/system/libsystem_darwindirectory.dylib
0x00007ff810c94000 	/usr/lib/system/libsystem_dnssd.dylib
0x00007ffd124eb000 	/usr/lib/system/libsystem_eligibility.dylib
0x00007ff802626000 	/usr/lib/system/libsystem_featureflags.dylib
0x00007ff8027ca000 	/usr/lib/system/libsystem_info.dylib
0x00007ff810bcc000 	/usr/lib/system/libsystem_m.dylib
0x00007ff802593000 	/usr/lib/system/libsystem_malloc.dylib
0x00007ff808331000 	/usr/lib/system/libsystem_networkextension.dylib
0x00007ff80622e000 	/usr/lib/system/libsystem_notify.dylib
0x00007ff80ee47000 	/usr/lib/system/libsystem_sandbox.dylib
0x00007ffd124f3000 	/usr/lib/system/libsystem_sanitizers.dylib
0x00007ff810c8d000 	/usr/lib/system/libsystem_secinit.dylib
0x00007ff802785000 	/usr/lib/system/libsystem_pthread.dylib
0x00007ff80a170000 	/usr/lib/system/libsystem_symptoms.dylib
0x00007ff8024c5000 	/usr/lib/system/libsystem_trace.dylib
0x00007ff810c63000 	/usr/lib/system/libunwind.dylib
0x00007ff80247e000 	/usr/lib/system/libxpc.dylib
0x00007ff8027c0000 	/usr/lib/system/libsystem_platform.dylib
0x00007ff802748000 	/usr/lib/system/libsystem_kernel.dylib
0x00007ff802731000 	/usr/lib/libc++abi.dylib
0x00007ffd10f45000 	/usr/lib/libRosetta.dylib
0x00007ff8060e6000 	/System/Library/PrivateFrameworks/CoreServicesInternal.framework/Versions/A/CoreServicesInternal
0x00007ff810c6c000 	/usr/lib/liboah.dylib
0x00007ff810ca5000 	/usr/lib/libfakelink.dylib
0x00007ff81caad000 	/System/Library/PrivateFrameworks/DiskImages.framework/Versions/A/DiskImages
0x00007ff9085fb000 	/System/Library/Frameworks/NetFS.framework/Versions/A/NetFS
0x00007ff807f8a000 	/System/Library/Frameworks/CFNetwork.framework/Versions/A/CFNetwork
0x00007ff80c129000 	/System/Library/Frameworks/CoreServices.framework/Versions/A/Frameworks/FSEvents.framework/Versions/A/FSEvents
0x00007ff805dfd000 	/System/Library/Frameworks/CoreServices.framework/Versions/A/Frameworks/CarbonCore.framework/Versions/A/CarbonCore
0x00007ff80b317000 	/System/Library/Frameworks/CoreServices.framework/Versions/A/Frameworks/Metadata.framework/Versions/A/Metadata
0x00007ff810808000 	/System/Library/Frameworks/CoreServices.framework/Versions/A/Frameworks/OSServices.framework/Versions/A/OSServices
0x00007ff810dd2000 	/System/Library/Frameworks/CoreServices.framework/Versions/A/Frameworks/SearchKit.framework/Versions/A/SearchKit
0x00007ff80a0f0000 	/System/Library/Frameworks/CoreServices.framework/Versions/A/Frameworks/AE.framework/Versions/A/AE
0x00007ff802cad000 	/System/Library/Frameworks/CoreServices.framework/Versions/A/Frameworks/LaunchServices.framework/Versions/A/LaunchServices
0x00007ff8123e5000 	/System/Library/Frameworks/CoreServices.framework/Versions/A/Frameworks/DictionaryServices.framework/Versions/A/DictionaryServices
0x00007ff80c137000 	/System/Library/Frameworks/CoreServices.framework/Versions/A/Frameworks/SharedFileList.framework/Versions/A/SharedFileList
0x00007ff810e54000 	/usr/lib/libapple_nghttp2.dylib
0x00007ff809d4c000 	/usr/lib/libsqlite3.dylib
0x00007ff815295000 	/System/Library/Frameworks/GSS.framework/Versions/A/GSS
0x00007ff80a08b000 	/System/Library/PrivateFrameworks/RunningBoardServices.framework/Versions/A/RunningBoardServices
0x00007ff80a178000 	/System/Library/Frameworks/Network.framework/Versions/A/Network
0x00007ff810c3f000 	/usr/lib/system/libkxld.dylib
0x00007ffb162b1000 	/System/Library/PrivateFrameworks/AppleKeyStore.framework/Versions/A/AppleKeyStore
0x00007ffd10e12000 	/usr/lib/libCoreEntitlements.dylib
0x00007ffc10657000 	/System/Library/PrivateFrameworks/MessageSecurity.framework/Versions/A/MessageSecurity
0x00007ff809d32000 	/System/Library/PrivateFrameworks/ProtocolBuffer.framework/Versions/A/ProtocolBuffer
0x00007ff8107e7000 	/System/Library/PrivateFrameworks/AppleFSCompression.framework/Versions/A/AppleFSCompression
0x00007ff80ff81000 	/usr/lib/libcoretls.dylib
0x00007ff812453000 	/usr/lib/libcoretls_cfhelpers.dylib
0x00007ff810e9b000 	/usr/lib/libpam.2.dylib
0x00007ff8124cd000 	/usr/lib/libxar.1.dylib
0x00007ff810cf7000 	/usr/lib/libarchive.2.dylib
0x00007ff8169d9000 	/System/Library/Frameworks/Combine.framework/Versions/A/Combine
0x00007ffb1a26c000 	/System/Library/PrivateFrameworks/CollectionsInternal.framework/Versions/A/CollectionsInternal
0x00007ffc18aaf000 	/System/Library/PrivateFrameworks/ReflectionInternal.framework/Versions/A/ReflectionInternal
0x00007ffc19659000 	/System/Library/PrivateFrameworks/RuntimeInternal.framework/Versions/A/RuntimeInternal
0x00007ffd12147000 	/usr/lib/swift/libswiftSystem.dylib
0x00007ff80ee4f000 	/System/Library/PrivateFrameworks/AppleSystemInfo.framework/Versions/A/AppleSystemInfo
0x000000010fd3d000 	/System/Library/PrivateFrameworks/CoreWiFi.framework/Versions/A/CoreWiFi
0x00007ff90b392000 	/System/Library/PrivateFrameworks/LoggingSupport.framework/Versions/A/LoggingSupport
0x00007ff819aca000 	/System/Library/PrivateFrameworks/PowerLog.framework/Versions/A/PowerLog
0x00007ffb10c94000 	/System/Library/Frameworks/SwiftData.framework/Versions/A/SwiftData
0x00007ff80c321000 	/System/Library/PrivateFrameworks/UserManagement.framework/Versions/A/UserManagement
0x00007ff807eb0000 	/usr/lib/libboringssl.dylib
0x00007ff80a160000 	/usr/lib/libdns_services.dylib
0x00007ff90a59b000 	/usr/lib/libquic.dylib
0x00007ff814606000 	/usr/lib/libusrtcp.dylib
0x00007ffa0f8ef000 	/System/Library/PrivateFrameworks/InternalSwiftProtobuf.framework/Versions/A/InternalSwiftProtobuf
0x00007ffd1208b000 	/usr/lib/swift/libswiftDistributed.dylib
0x00007ffd1213d000 	/usr/lib/swift/libswiftSynchronization.dylib
0x00007ff807f89000 	/usr/lib/libnetwork.dylib
0x00007ff91c4f2000 	/System/Library/PrivateFrameworks/OSAnalytics.framework/Versions/A/OSAnalytics
0x00007ff810e32000 	/System/Library/PrivateFrameworks/AppleSauce.framework/Versions/A/AppleSauce
0x00007ff81b0d5000 	/System/Library/PrivateFrameworks/CoreSymbolication.framework/Versions/A/CoreSymbolication
0x00007ffa0b27b000 	/System/Library/PrivateFrameworks/Symbolication.framework/Versions/A/Symbolication
0x00007ff81b0b5000 	/System/Library/PrivateFrameworks/DebugSymbols.framework/Versions/A/DebugSymbols
0x00007ffd10cd1000 	/usr/lib/libAppleArchive.dylib
0x00007ff8107f2000 	/usr/lib/libbz2.1.0.dylib
0x00007ff812433000 	/usr/lib/liblzma.5.dylib
0x00007ff80fc89000 	/System/Library/PrivateFrameworks/IOMobileFramebuffer.framework/Versions/A/IOMobileFramebuffer
0x00007ff90b420000 	/System/Library/PrivateFrameworks/MallocStackLogging.framework/Versions/A/MallocStackLogging
0x00007ff812723000 	/System/Library/PrivateFrameworks/CrashReporterSupport.framework/Versions/A/CrashReporterSupport
0x000000010ff83000 	/System/Library/PrivateFrameworks/CoreWiFi.framework/Versions/A/CoreWiFiOld.dylib
0x000000010fd0f000 	/System/Library/PrivateFrameworks/IO80211.framework/Versions/A/IO80211
0x00007ff81abb7000 	/System/Library/PrivateFrameworks/FrontBoardServices.framework/Versions/A/FrontBoardServices
0x000000010fd23000 	/System/Library/PrivateFrameworks/WiFiPeerToPeer.framework/Versions/A/WiFiPeerToPeer
0x00007ff80feb3000 	/System/Library/Frameworks/SecurityFoundation.framework/Versions/A/SecurityFoundation
0x000000017939c000 	/System/Library/PrivateFrameworks/IO80211.framework/Versions/A/IO80211Old.dylib
0x00007ff809fa8000 	/System/Library/PrivateFrameworks/BaseBoard.framework/Versions/A/BaseBoard
0x00007ff81ac85000 	/System/Library/PrivateFrameworks/BoardServices.framework/Versions/A/BoardServices
0x00007ff80fea6000 	/System/Library/PrivateFrameworks/AssertionServices.framework/Versions/A/AssertionServices
0x00007ff81c8e6000 	/System/Library/PrivateFrameworks/BackBoardServices.framework/Versions/A/BackBoardServices
0x00007ff80dfe4000 	/System/Library/PrivateFrameworks/FontServices.framework/libFontParser.dylib
0x00007ff8083d9000 	/System/Library/PrivateFrameworks/TCC.framework/Versions/A/TCC
0x00007ff82046b000 	/System/Library/PrivateFrameworks/IOSurfaceAccelerator.framework/Versions/A/IOSurfaceAccelerator
0x00007ff813002000 	/System/Library/PrivateFrameworks/WatchdogClient.framework/Versions/A/WatchdogClient
0x00007ff8048fd000 	/System/Library/Frameworks/CoreDisplay.framework/Versions/A/CoreDisplay
0x00007ff80de90000 	/System/Library/Frameworks/CoreMedia.framework/Versions/A/CoreMedia
0x00007ff80dbe0000 	/System/Library/PrivateFrameworks/IOAccelerator.framework/Versions/A/IOAccelerator
0x00007ff80c28f000 	/System/Library/Frameworks/CoreVideo.framework/Versions/A/CoreVideo
0x00007ff810e99000 	/System/Library/Frameworks/MetalPerformanceShaders.framework/Versions/A/MetalPerformanceShaders
0x00007ffc17f00000 	/System/Library/PrivateFrameworks/ProDisplayLibrary.framework/Versions/A/ProDisplayLibrary
0x00007ff813048000 	/System/Library/Frameworks/VideoToolbox.framework/Versions/A/VideoToolbox
0x00007ff80ee4e000 	/System/Library/PrivateFrameworks/AggregateDictionary.framework/Versions/A/AggregateDictionary
0x00007ff812455000 	/System/Library/PrivateFrameworks/APFS.framework/Versions/A/APFS
0x00007ff8124db000 	/usr/lib/libutil.dylib
0x00007ffd01de8000 	/System/Library/PrivateFrameworks/SwiftASN1Internal.framework/Versions/A/SwiftASN1Internal
0x00007ff80b3a7000 	/System/Library/Frameworks/Accelerate.framework/Versions/A/Frameworks/vImage.framework/Versions/A/vImage
0x00007ff818b41000 	/System/Library/Frameworks/Accelerate.framework/Versions/A/Frameworks/vecLib.framework/Versions/A/vecLib
0x00007ff812510000 	/System/Library/Frameworks/Accelerate.framework/Versions/A/Frameworks/vecLib.framework/Versions/A/libvMisc.dylib
0x00007ff803134000 	/System/Library/Frameworks/Accelerate.framework/Versions/A/Frameworks/vecLib.framework/Versions/A/libBLAS.dylib
0x00007ff814e78000 	/System/Library/Frameworks/ApplicationServices.framework/Versions/A/Frameworks/ATS.framework/Versions/A/ATS
0x00007ff80936e000 	/System/Library/Frameworks/ApplicationServices.framework/Versions/A/Frameworks/HIServices.framework/Versions/A/HIServices
0x00007ff813756000 	/System/Library/Frameworks/ApplicationServices.framework/Versions/A/Frameworks/PrintCore.framework/Versions/A/PrintCore
0x00007ff81525f000 	/System/Library/Frameworks/ApplicationServices.framework/Versions/A/Frameworks/QD.framework/Versions/A/QD
0x00007ff815257000 	/System/Library/Frameworks/ApplicationServices.framework/Versions/A/Frameworks/ColorSyncLegacy.framework/Versions/A/ColorSyncLegacy
0x00007ff814e4e000 	/System/Library/Frameworks/ApplicationServices.framework/Versions/A/Frameworks/SpeechSynthesis.framework/Versions/A/SpeechSynthesis
0x00007ff80fc58000 	/System/Library/PrivateFrameworks/CoreEmoji.framework/Versions/A/CoreEmoji
0x00007ffb2033f000 	/System/Library/PrivateFrameworks/FontServices.framework/Versions/A/FontServices
0x00007ff812b66000 	/System/Library/PrivateFrameworks/OTSVG.framework/Versions/A/OTSVG
0x00007ff80be1e000 	/System/Library/Frameworks/ApplicationServices.framework/Versions/A/Frameworks/ATS.framework/Versions/A/Resources/libFontRegistry.dylib
0x00007ffd11489000 	/usr/lib/libhvf.dylib
0x00007ffc144e6000 	/System/Library/PrivateFrameworks/ParsingInternal.framework/Versions/A/ParsingInternal
0x00007ffd120d0000 	/usr/lib/swift/libswiftRegexBuilder.dylib
0x00007ffd12251000 	/usr/lib/swift/libswift_RegexParser.dylib
0x00007ff812ec8000 	/System/Library/PrivateFrameworks/AppleJPEG.framework/Versions/A/AppleJPEG
0x00007ff812986000 	/usr/lib/libexpat.1.dylib
0x00007ff81361d000 	/System/Library/Frameworks/ImageIO.framework/Versions/A/Resources/libPng.dylib
0x00007ff81364b000 	/System/Library/Frameworks/ImageIO.framework/Versions/A/Resources/libTIFF.dylib
0x00007ff813741000 	/System/Library/Frameworks/ImageIO.framework/Versions/A/Resources/libGIF.dylib
0x00007ff812f15000 	/System/Library/Frameworks/ImageIO.framework/Versions/A/Resources/libJP2.dylib
0x00007ff8136e0000 	/System/Library/Frameworks/ImageIO.framework/Versions/A/Resources/libJPEG.dylib
0x00007ff8136d7000 	/System/Library/Frameworks/ImageIO.framework/Versions/A/Resources/libRadiance.dylib
0x00000001e9414000 	/System/Library/Frameworks/Metal.framework/Versions/A/MetalOld.dylib
0x00007ffb07f21000 	/System/Library/Frameworks/OpenGL.framework/Versions/A/Libraries/libCoreFSCache.dylib
0x00007ffb20340000 	/System/Library/PrivateFrameworks/FontServices.framework/libXTFontStaticRegistryData.dylib
0x00007ffb2040a000 	/System/Library/PrivateFrameworks/FramePacing.framework/Versions/A/FramePacing
0x00007ffc171dc000 	/System/Library/PrivateFrameworks/PhotosensitivityProcessing.framework/Versions/A/PhotosensitivityProcessing
0x00000001e9ede000 	/System/Library/Frameworks/CoreImage.framework/Versions/A/CoreImageOld.dylib
0x00007ffb094f1000 	/System/Library/Frameworks/OpenCL.framework/Versions/A/OpenCL
0x00007ff812b57000 	/System/Library/PrivateFrameworks/GraphVisualizer.framework/Versions/A/GraphVisualizer
0x00007ffb07f7f000 	/System/Library/Frameworks/OpenGL.framework/Versions/A/Libraries/libGLU.dylib
0x00007ffb07f40000 	/System/Library/Frameworks/OpenGL.framework/Versions/A/Libraries/libGFXShared.dylib
0x00007ffb0813c000 	/System/Library/Frameworks/OpenGL.framework/Versions/A/Libraries/libGL.dylib
0x00007ffb07f49000 	/System/Library/Frameworks/OpenGL.framework/Versions/A/Libraries/libGLImage.dylib
0x00007ffb07f3d000 	/System/Library/Frameworks/OpenGL.framework/Versions/A/Libraries/libCVMSPluginSupport.dylib
0x00007ffb07f28000 	/System/Library/Frameworks/OpenGL.framework/Versions/A/Libraries/libCoreVMClient.dylib
0x00007ff80ed88000 	/System/Library/Frameworks/MetalPerformanceShaders.framework/Versions/A/Frameworks/MPSCore.framework/Versions/A/MPSCore
0x00007ff810742000 	/System/Library/Frameworks/MetalPerformanceShaders.framework/Versions/A/Frameworks/MPSImage.framework/Versions/A/MPSImage
0x00007ff81001d000 	/System/Library/Frameworks/MetalPerformanceShaders.framework/Versions/A/Frameworks/MPSNeuralNetwork.framework/Versions/A/MPSNeuralNetwork
0x00007ff81057d000 	/System/Library/Frameworks/MetalPerformanceShaders.framework/Versions/A/Frameworks/MPSMatrix.framework/Versions/A/MPSMatrix
0x00007ff810333000 	/System/Library/Frameworks/MetalPerformanceShaders.framework/Versions/A/Frameworks/MPSRayIntersector.framework/Versions/A/MPSRayIntersector
0x00007ff8105bc000 	/System/Library/Frameworks/MetalPerformanceShaders.framework/Versions/A/Frameworks/MPSNDArray.framework/Versions/A/MPSNDArray
0x00007ffb0dfa3000 	/System/Library/Frameworks/MetalPerformanceShaders.framework/Versions/A/Frameworks/MPSFunctions.framework/Versions/A/MPSFunctions
0x00007ffb0df85000 	/System/Library/Frameworks/MetalPerformanceShaders.framework/Versions/A/Frameworks/MPSBenchmarkLoop.framework/Versions/A/MPSBenchmarkLoop
0x00007ff802fa5000 	/System/Library/PrivateFrameworks/MetalTools.framework/Versions/A/MetalTools
0x00007ff910453000 	/System/Library/PrivateFrameworks/IOAccelMemoryInfo.framework/Versions/A/IOAccelMemoryInfo
0x00007ff91dbd1000 	/System/Library/PrivateFrameworks/kperf.framework/Versions/A/kperf
0x00007ff90b482000 	/System/Library/PrivateFrameworks/GPURawCounter.framework/Versions/A/GPURawCounter
0x00007ff813712000 	/System/Library/Frameworks/ApplicationServices.framework/Versions/A/Frameworks/ATSUI.framework/Versions/A/ATSUI
0x00007ff8151e9000 	/usr/lib/libcups.2.dylib
0x00007ff815286000 	/System/Library/Frameworks/Kerberos.framework/Versions/A/Kerberos
0x00007ff814ef1000 	/usr/lib/libresolv.9.dylib
0x00007ff810cdf000 	/usr/lib/libiconv.2.dylib
0x00007ff812bbe000 	/System/Library/PrivateFrameworks/Heimdal.framework/Versions/A/Heimdal
0x00007ff81d3f5000 	/System/Library/Frameworks/Kerberos.framework/Versions/A/Libraries/libHeimdalProxy.dylib
0x00007ff8129a2000 	/usr/lib/libheimdal-asn1.dylib
0x00007ff80c101000 	/System/Library/Frameworks/OpenDirectory.framework/Versions/A/OpenDirectory
0x00007ff8152de000 	/System/Library/PrivateFrameworks/CommonAuth.framework/Versions/A/CommonAuth
0x00007ff80c10d000 	/System/Library/Frameworks/OpenDirectory.framework/Versions/A/Frameworks/CFOpenDirectory.framework/Versions/A/CFOpenDirectory
0x00007ff810c3a000 	/usr/lib/libcharset.1.dylib
0x00007ffb0afd9000 	/System/Library/Frameworks/AVFAudio.framework/Versions/A/AVFAudio
0x00007ff904cdf000 	/System/Library/PrivateFrameworks/AXCoreUtilities.framework/Versions/A/AXCoreUtilities
0x00007ffc0c768000 	/System/Library/PrivateFrameworks/IsolatedCoreAudioClient.framework/Versions/A/IsolatedCoreAudioClient
0x00007ff814e36000 	/usr/lib/libAudioStatistics.dylib
0x00007ff80de6c000 	/System/Library/PrivateFrameworks/caulk.framework/Versions/A/caulk
0x00007ff804a28000 	/System/Library/PrivateFrameworks/AudioToolboxCore.framework/Versions/A/AudioToolboxCore
0x00007ff81f894000 	/System/Library/Frameworks/CoreMIDI.framework/Versions/A/CoreMIDI
0x00007ff814ddd000 	/System/Library/PrivateFrameworks/AudioSession.framework/Versions/A/AudioSession
0x00007ff81675d000 	/System/Library/Frameworks/IOBluetooth.framework/Versions/A/IOBluetooth
0x00007ff812a8e000 	/System/Library/PrivateFrameworks/MediaExperience.framework/Versions/A/MediaExperience
0x00007ffd0482f000 	/System/Library/PrivateFrameworks/Tightbeam.framework/Versions/A/Tightbeam
0x00007ffb1ac2d000 	/System/Library/PrivateFrameworks/CoreAudioOrchestration.framework/Versions/A/CoreAudioOrchestration
0x00007ffa0287e000 	/System/Library/PrivateFrameworks/AFKUser.framework/Versions/A/AFKUser
0x00007ff90b486000 	/usr/lib/swift/libswiftCoreAudio.dylib
0x00007ff812bac000 	/System/Library/PrivateFrameworks/AppServerSupport.framework/Versions/A/AppServerSupport
0x00007ff815269000 	/System/Library/PrivateFrameworks/perfdata.framework/Versions/A/perfdata
0x00007ff90a688000 	/System/Library/PrivateFrameworks/SystemPolicy.framework/Versions/A/SystemPolicy
0x00007ff815108000 	/usr/lib/libSMC.dylib
0x00007ff8135e8000 	/usr/lib/libAudioToolboxUtility.dylib
0x00007ff815277000 	/usr/lib/libperfcheck.dylib
0x00007ffb1712a000 	/System/Library/PrivateFrameworks/AudioAnalytics.framework/Versions/A/AudioAnalytics
0x00007ffa0f6c4000 	/System/Library/Frameworks/OSLog.framework/Versions/A/OSLog
0x00007ff90b450000 	/usr/lib/libmis.dylib
0x00007ff814bfe000 	/System/Library/PrivateFrameworks/AudioSession.framework/libSessionUtility.dylib
0x00007ff813747000 	/System/Library/PrivateFrameworks/CMCaptureCore.framework/Versions/A/CMCaptureCore
0x00007ffb0c4f6000 	/System/Library/Frameworks/ExtensionFoundation.framework/Versions/A/ExtensionFoundation
0x00007ff81b1e7000 	/System/Library/PrivateFrameworks/CoreTime.framework/Versions/A/CoreTime
0x00007ff812876000 	/System/Library/PrivateFrameworks/PlugInKit.framework/Versions/A/PlugInKit
0x00007ff8199d0000 	/System/Library/Frameworks/CoreBluetooth.framework/Versions/A/CoreBluetooth
0x00007ff81d3f6000 	/System/Library/Frameworks/AudioUnit.framework/Versions/A/AudioUnit
0x00007ff80fd15000 	/System/Library/PrivateFrameworks/CoreUtils.framework/Versions/A/CoreUtils
0x00007ffb1ddbb000 	/System/Library/PrivateFrameworks/CoreUtilsExtras.framework/Versions/A/CoreUtilsExtras
0x00007ff818e63000 	/System/Library/Frameworks/MediaAccessibility.framework/Versions/A/MediaAccessibility
0x00007ff913839000 	/System/Library/PrivateFrameworks/AttributeGraph.framework/Versions/A/AttributeGraph
0x00007ffd10c52000 	/usr/lib/libAXSafeCategoryBundle.dylib
0x00007ff904d84000 	/usr/lib/libAccessibility.dylib
0x00007ff80fa8c000 	/System/Library/Frameworks/Accelerate.framework/Versions/A/Frameworks/vecLib.framework/Versions/A/libvDSP.dylib
0x00007ff810f87000 	/System/Library/Frameworks/Accelerate.framework/Versions/A/Frameworks/vecLib.framework/Versions/A/libLAPACK.dylib
0x00007ff810007000 	/System/Library/Frameworks/Accelerate.framework/Versions/A/Frameworks/vecLib.framework/Versions/A/libLinearAlgebra.dylib
0x00007ff810e6f000 	/System/Library/Frameworks/Accelerate.framework/Versions/A/Frameworks/vecLib.framework/Versions/A/libSparseBLAS.dylib
0x00007ff810f81000 	/System/Library/Frameworks/Accelerate.framework/Versions/A/Frameworks/vecLib.framework/Versions/A/libQuadrature.dylib
0x00007ff80ef6a000 	/System/Library/Frameworks/Accelerate.framework/Versions/A/Frameworks/vecLib.framework/Versions/A/libBNNS.dylib
0x00007ff80349e000 	/System/Library/Frameworks/Accelerate.framework/Versions/A/Frameworks/vecLib.framework/Versions/A/libSparse.dylib
0x00007ffc0db3a000 	/System/Library/PrivateFrameworks/MIL.framework/Versions/A/MIL
0x00007ff8136d0000 	/System/Library/PrivateFrameworks/GPUWrangler.framework/Versions/A/GPUWrangler
0x00007ff8136b4000 	/System/Library/PrivateFrameworks/IOPresentment.framework/Versions/A/IOPresentment
0x00007ff8136da000 	/System/Library/PrivateFrameworks/DSExternalDisplay.framework/Versions/A/DSExternalDisplay
0x00007ffa0faba000 	/System/Library/PrivateFrameworks/HIDDisplay.framework/Versions/A/HIDDisplay
0x00007ff903ff3000 	/System/Library/PrivateFrameworks/HID.framework/Versions/A/HID
0x00007ffd07e73000 	/System/Library/PrivateFrameworks/VideoToolboxParavirtualizationSupport.framework/Versions/A/VideoToolboxParavirtualizationSupport
0x00007ff812938000 	/System/Library/PrivateFrameworks/AppleVA.framework/Versions/A/AppleVA
0x00007ff81ad32000 	/System/Library/PrivateFrameworks/GraphicsServices.framework/Versions/A/GraphicsServices
0x00000001ea496000 	/System/Library/PrivateFrameworks/WiFiPeerToPeer.framework/Versions/A/WiFiPeerToPeerOld.dylib
0x00007ff810a1a000 	/System/Library/Frameworks/UserNotifications.framework/Versions/A/UserNotifications
0x00007ff815454000 	/System/Library/PrivateFrameworks/CorePhoneNumbers.framework/Versions/A/CorePhoneNumbers
0x00007ff819bac000 	/System/Library/PrivateFrameworks/MediaKit.framework/Versions/A/MediaKit
0x00007ff819b06000 	/System/Library/Frameworks/DiscRecording.framework/Versions/A/DiscRecording
0x00007ff81524c000 	/System/Library/PrivateFrameworks/NetAuth.framework/Versions/A/NetAuth
0x00007ff80c2e3000 	/System/Library/PrivateFrameworks/login.framework/Versions/A/Frameworks/loginsupport.framework/Versions/A/loginsupport
0x00007ff8129ab000 	/System/Library/PrivateFrameworks/IconFoundation.framework/Versions/A/IconFoundation
0x00007ff81271a000 	/usr/lib/libIOReport.dylib
0x00007ffb16d5b000 	/System/Library/PrivateFrameworks/AppleMobileFileIntegrity.framework/Versions/A/AppleMobileFileIntegrity
0x00007ffd10fa0000 	/usr/lib/libTLE.dylib
0x00007ffa1eff5000 	/System/Library/PrivateFrameworks/ConfigProfileHelper.framework/Versions/A/ConfigProfileHelper
0x00007ff80ffa9000 	/usr/lib/libmecab.dylib
0x00007ff80366b000 	/usr/lib/libCRFSuite.dylib
0x00007ff80339a000 	/System/Library/PrivateFrameworks/Lexicon.framework/Versions/A/Lexicon
0x00007ff80ef64000 	/System/Library/PrivateFrameworks/LinguisticData.framework/Versions/A/LinguisticData
0x00007ff80ee56000 	/System/Library/PrivateFrameworks/CoreNLP.framework/Versions/A/CoreNLP
0x00007ff810004000 	/usr/lib/libgermantok.dylib
0x00007ff810e2a000 	/usr/lib/libThaiTokenizer.dylib
0x00007ff80ff77000 	/usr/lib/libCheckFix.dylib
0x00007ff80b2ba000 	/System/Library/PrivateFrameworks/MetadataUtilities.framework/Versions/A/MetadataUtilities
0x00007ffc09c99000 	/System/Library/PrivateFrameworks/InstalledContentLibrary.framework/Versions/A/InstalledContentLibrary
0x00007ff806127000 	/System/Library/PrivateFrameworks/CoreServicesStore.framework/Versions/A/CoreServicesStore
0x00007ff91dcd1000 	/System/Library/PrivateFrameworks/MobileSystemServices.framework/Versions/A/MobileSystemServices
0x00007ff8124df000 	/usr/lib/libxslt.1.dylib
0x00007ff80ff3d000 	/System/Library/PrivateFrameworks/BackgroundTaskManagement.framework/Versions/A/BackgroundTaskManagement
0x00007ff81cc5a000 	/usr/lib/libcurl.4.dylib
0x00007ffd11333000 	/usr/lib/libcrypto.46.dylib
0x00007ffd11e6a000 	/usr/lib/libssl.48.dylib
0x00007ff81c940000 	/System/Library/Frameworks/LDAP.framework/Versions/A/LDAP
0x00007ff81c97a000 	/System/Library/PrivateFrameworks/TrustEvaluationAgent.framework/Versions/A/TrustEvaluationAgent
0x00007ff814f0e000 	/usr/lib/libsasl2.2.dylib
0x00007ff908ac2000 	/usr/lib/swift/libswiftCoreGraphics.dylib
0x00007ff819480000 	/usr/lib/swift/libswiftFoundation.dylib
0x00007ffa1ea83000 	/usr/lib/swift/libswiftSwiftOnoneSupport.dylib
0x00007ffa0b989000 	/System/Library/PrivateFrameworks/CoreMaterial.framework/Versions/A/CoreMaterial
0x00007ffc19741000 	/System/Library/PrivateFrameworks/SFSymbols.framework/Versions/A/SFSymbols
0x00007ff81874f000 	/System/Library/PrivateFrameworks/SpeechRecognitionCore.framework/Versions/A/SpeechRecognitionCore
0x00000002d9ac5000 	/Users/user/.vscode/extensions/redhat.java-1.52.0-darwin-x64/jre/21.0.9-macosx-x86_64/lib/server/libjvm.dylib
0x000000010fdbc000 	/Users/user/.vscode/extensions/redhat.java-1.52.0-darwin-x64/jre/21.0.9-macosx-x86_64/lib/libjimage.dylib
0x000000010fddf000 	/Users/user/.vscode/extensions/redhat.java-1.52.0-darwin-x64/jre/21.0.9-macosx-x86_64/lib/libinstrument.dylib
0x000000010fe1d000 	/Users/user/.vscode/extensions/redhat.java-1.52.0-darwin-x64/jre/21.0.9-macosx-x86_64/lib/libjava.dylib
0x00000001e9bff000 	/Users/user/.vscode/extensions/redhat.java-1.52.0-darwin-x64/jre/21.0.9-macosx-x86_64/lib/libzip.dylib
0x00000001e9c27000 	/Users/user/.vscode/extensions/redhat.java-1.52.0-darwin-x64/jre/21.0.9-macosx-x86_64/lib/libnio.dylib
0x00000001e9bd7000 	/Users/user/.vscode/extensions/redhat.java-1.52.0-darwin-x64/jre/21.0.9-macosx-x86_64/lib/libnet.dylib
0x00000001e9c43000 	/Users/user/.vscode/extensions/redhat.java-1.52.0-darwin-x64/jre/21.0.9-macosx-x86_64/lib/libverify.dylib
0x00000001e9c78000 	/Users/user/Library/Application Support/Code/User/globalStorage/redhat.java/1.52.0/config_ss_mac/org.eclipse.equinox.launcher/org.eclipse.equinox.launcher.cocoa.macosx.x86_64_1.2.1400.v20250801-0854/eclipse_11916.so
0x00007ff80bfd8000 	/System/Library/PrivateFrameworks/ViewBridge.framework/Versions/A/ViewBridge

JVMTI agents:
/Users/user/.vscode/extensions/redhat.java-1.52.0-darwin-x64/lombok/lombok-1.18.39-4050.jar path:none, loaded, initialized, instrumentlib options:none


VM Arguments:
jvm_args: --add-modules=ALL-SYSTEM --add-opens=java.base/java.util=ALL-UNNAMED --add-opens=java.base/java.lang=ALL-UNNAMED --add-opens=java.base/sun.nio.fs=ALL-UNNAMED -Declipse.application=org.eclipse.jdt.ls.core.id1 -Dosgi.bundles.defaultStartLevel=4 -Declipse.product=org.eclipse.jdt.ls.core.product -Djava.import.generatesMetadataFilesAtProjectRoot=false -DDetectVMInstallationsJob.disabled=true -Dfile.encoding=utf8 -XX:+UseParallelGC -XX:GCTimeRatio=4 -XX:AdaptiveSizePolicyWeight=90 -Dsun.zip.disableMemoryMapping=true -Xmx2G -Xms100m -Xlog:disable -javaagent:/Users/user/.vscode/extensions/redhat.java-1.52.0-darwin-x64/lombok/lombok-1.18.39-4050.jar 
java_command: /Users/user/.vscode/extensions/redhat.java-1.52.0-darwin-x64/server/plugins/org.eclipse.equinox.launcher_1.7.100.v20251111-0406.jar -configuration /Users/user/Library/Application Support/Code/User/globalStorage/redhat.java/1.52.0/config_ss_mac -data /Users/user/Library/Application Support/Code/User/workspaceStorage/7edf6ca84a7c651f0a269e7f23cdfda8/redhat.java/ss_ws --pipe=/private/var/folders/lf/6g4qyg251x91pynfxj5bj9f00000gn/T/lsp-31d61614234ca57d294d38a5da839db9.sock
java_class_path (initial): /Users/user/.vscode/extensions/redhat.java-1.52.0-darwin-x64/server/plugins/org.eclipse.equinox.launcher_1.7.100.v20251111-0406.jar
Launcher Type: SUN_STANDARD

[Global flags]
    uintx AdaptiveSizePolicyWeight                 = 90                                        {product} {command line}
     intx CICompilerCount                          = 3                                         {product} {ergonomic}
    uintx GCTimeRatio                              = 4                                         {product} {command line}
   size_t InitialHeapSize                          = 104857600                                 {product} {command line}
   size_t MaxHeapSize                              = 2147483648                                {product} {command line}
   size_t MaxNewSize                               = 715653120                                 {product} {ergonomic}
   size_t MinHeapDeltaBytes                        = 524288                                    {product} {ergonomic}
   size_t MinHeapSize                              = 104857600                                 {product} {command line}
   size_t NewSize                                  = 34603008                                  {product} {ergonomic}
    uintx NonNMethodCodeHeapSize                   = 5832780                                {pd product} {ergonomic}
    uintx NonProfiledCodeHeapSize                  = 122912730                              {pd product} {ergonomic}
   size_t OldSize                                  = 70254592                                  {product} {ergonomic}
    uintx ProfiledCodeHeapSize                     = 122912730                              {pd product} {ergonomic}
    uintx ReservedCodeCacheSize                    = 251658240                              {pd product} {ergonomic}
     bool SegmentedCodeCache                       = true                                      {product} {ergonomic}
   size_t SoftMaxHeapSize                          = 2147483648                             {manageable} {ergonomic}
     bool UseCompressedOops                        = true                           {product lp64_product} {ergonomic}
     bool UseNUMA                                  = false                                     {product} {ergonomic}
     bool UseNUMAInterleaving                      = false                                     {product} {ergonomic}
     bool UseParallelGC                            = true                                      {product} {command line}

Logging:
Log output configuration:
 #0: stdout all=off uptime,level,tags foldmultilines=false
 #1: stderr all=off uptime,level,tags foldmultilines=false

Release file:
JAVA_VERSION="21.0.9"
MODULES="java.base java.compiler java.datatransfer java.xml java.prefs java.desktop java.instrument java.logging java.management java.security.sasl java.naming java.rmi java.management.rmi java.net.http java.scripting java.security.jgss java.transaction.xa java.sql java.sql.rowset java.xml.crypto java.se java.smartcardio jdk.accessibility jdk.internal.jvmstat jdk.attach jdk.charsets jdk.internal.opt jdk.zipfs jdk.compiler jdk.crypto.ec jdk.crypto.cryptoki jdk.dynalink jdk.internal.ed jdk.editpad jdk.hotspot.agent jdk.httpserver jdk.internal.le jdk.internal.vm.ci jdk.internal.vm.compiler jdk.internal.vm.compiler.management jdk.jartool jdk.javadoc jdk.jcmd jdk.management jdk.management.agent jdk.jconsole jdk.jdeps jdk.jdwp.agent jdk.jdi jdk.jfr jdk.jshell jdk.jsobject jdk.jstatd jdk.localedata jdk.management.jfr jdk.naming.dns jdk.naming.rmi jdk.net jdk.nio.mapmode jdk.random jdk.sctp jdk.security.auth jdk.security.jgss jdk.unsupported jdk.unsupported.desktop jdk.xml.dom"

Environment Variables:
PATH=/usr/bin:/bin:/usr/sbin:/sbin:/usr/local/bin
SHELL=/bin/zsh
TMPDIR=/var/folders/lf/6g4qyg251x91pynfxj5bj9f00000gn/T/

Active Locale:
LC_ALL=C
LC_COLLATE=C
LC_CTYPE=C
LC_MESSAGES=C
LC_MONETARY=C
LC_NUMERIC=C
LC_TIME=C

Signal Handlers:
   SIGSEGV: crash_handler in libjvm.dylib, mask=11100110000111110111111111111111, flags=SA_ONSTACK|SA_RESTART|SA_SIGINFO, unblocked
    SIGBUS: crash_handler in libjvm.dylib, mask=11100110000111110111111111111111, flags=SA_RESTART|SA_SIGINFO, unblocked
    SIGFPE: crash_handler in libjvm.dylib, mask=11100110000111110111111111111111, flags=SA_RESTART|SA_SIGINFO, unblocked
   SIGPIPE: javaSignalHandler in libjvm.dylib, mask=11100110000111110111111111111111, flags=SA_RESTART|SA_SIGINFO, blocked
   SIGXFSZ: javaSignalHandler in libjvm.dylib, mask=11100110000111110111111111111111, flags=SA_RESTART|SA_SIGINFO, blocked
    SIGILL: crash_handler in libjvm.dylib, mask=11100110000111110111111111111111, flags=SA_RESTART|SA_SIGINFO, unblocked
   SIGUSR2: SR_handler in libjvm.dylib, mask=00000000000000000000000000000000, flags=SA_RESTART|SA_SIGINFO, blocked
    SIGHUP: UserHandler in libjvm.dylib, mask=11100110000111110111111111111111, flags=SA_RESTART|SA_SIGINFO, blocked
    SIGINT: UserHandler in libjvm.dylib, mask=11100110000111110111111111111111, flags=SA_RESTART|SA_SIGINFO, blocked
   SIGTERM: UserHandler in libjvm.dylib, mask=11100110000111110111111111111111, flags=SA_RESTART|SA_SIGINFO, blocked
   SIGQUIT: UserHandler in libjvm.dylib, mask=11100110000111110111111111111111, flags=SA_RESTART|SA_SIGINFO, blocked
   SIGTRAP: crash_handler in libjvm.dylib, mask=11100110000111110111111111111111, flags=SA_RESTART|SA_SIGINFO, unblocked


Periodic native trim disabled

---------------  S Y S T E M  ---------------

OS:
uname: Darwin 24.5.0 Darwin Kernel Version 24.5.0: Tue Apr 22 19:53:26 PDT 2025; root:xnu-11417.121.6~2/RELEASE_X86_64 x86_64
OS uptime: 0 days 0:03 hours
rlimit (soft/hard): STACK 8192k/65532k , CORE 0k/infinity , NPROC 1392/2088 , NOFILE 1048576/infinity , AS infinity/infinity , CPU infinity/infinity , DATA infinity/infinity , FSIZE infinity/infinity , MEMLOCK infinity/infinity , RSS infinity/infinity
load average: 882.00 394.13 163.83

CPU: total 4 (initial active 4) (2 cores per cpu, 2 threads per core) family 6 model 69 stepping 1 microcode 0x26, cx8, cmov, fxsr, ht, mmx, sse, sse2, sse3, ssse3, sse4.1, sse4.2, popcnt, lzcnt, tsc, tscinvbit, avx, avx2, aes, erms, clmul, bmi1, bmi2, fma, vzeroupper, clflush, rdtscp, f16c
machdep.cpu.brand_string:Intel(R) Core(TM) i5-4278U CPU @ 2.60GHz
hw.cpufrequency:2600000000
hw.cpufrequency_min:2600000000
hw.cpufrequency_max:2600000000
hw.cachelinesize:64
hw.l1icachesize:32768
hw.l1dcachesize:32768
hw.l2cachesize:262144
hw.l3cachesize:3145728

Memory: 4k page, physical 8388608k(86068k free), swap 1048576k(953088k free)

vm_info: OpenJDK 64-Bit Server VM (21.0.9+10-LTS) for bsd-amd64 JRE (21.0.9+10-LTS), built on 2025-10-21T00:00:00Z by "admin" with clang Apple LLVM 15.0.0 (clang-1500.1.0.2.5)

END.
